  [1m[36m (18.3ms)[0m  [1mCREATE TABLE "schema_migrations" ("version" character varying(255) NOT NULL) [0m
  [1m[35m (3.9ms)[0m   SELECT distinct i.relname, d.indisunique, d.indkey, pg_get_indexdef(d.indexrelid), t.oid
 FROM pg_class t
 INNER JOIN pg_index d ON t.oid = d.indrelid
 INNER JOIN pg_class i ON d.indexrelid = i.oid
 WHERE i.relkind = 'i'
 AND d.indisprimary = 'f'
 AND t.relname = 'schema_migrations'
 AND i.relnamespace IN (SELECT oid FROM pg_namespace WHERE nspname = ANY (current_schemas(false)) )
 ORDER BY i.relname

  [1m[36m (3.3ms)[0m  [1mCREATE UNIQUE INDEX "unique_schema_migrations" ON "schema_migrations" ("version")[0m
  [1m[35m (0.2ms)[0m  SELECT "schema_migrations"."version" FROM "schema_migrations" 
Migrating to DeviseCreateOwners (20121111014948)
  [1m[36m (0.0ms)[0m  [1mBEGIN[0m
  [1m[35m (0.1ms)[0m  ROLLBACK
  [1m[36m (4.2ms)[0m  [1mCREATE TABLE "schema_migrations" ("version" character varying(255) NOT NULL) [0m
  [1m[35m (1.6ms)[0m   SELECT distinct i.relname, d.indisunique, d.indkey, pg_get_indexdef(d.indexrelid), t.oid
 FROM pg_class t
 INNER JOIN pg_index d ON t.oid = d.indrelid
 INNER JOIN pg_class i ON d.indexrelid = i.oid
 WHERE i.relkind = 'i'
 AND d.indisprimary = 'f'
 AND t.relname = 'schema_migrations'
 AND i.relnamespace IN (SELECT oid FROM pg_namespace WHERE nspname = ANY (current_schemas(false)) )
 ORDER BY i.relname

  [1m[36m (1.1ms)[0m  [1mCREATE UNIQUE INDEX "unique_schema_migrations" ON "schema_migrations" ("version")[0m
  [1m[35m (0.2ms)[0m  SELECT "schema_migrations"."version" FROM "schema_migrations" 
Migrating to DeviseCreateOwners (20121111014948)
  [1m[36m (0.0ms)[0m  [1mBEGIN[0m
  [1m[35m (4.7ms)[0m  CREATE TABLE "owners" ("id" serial primary key, "email" character varying(255) DEFAULT '' NOT NULL, "encrypted_password" character varying(255) DEFAULT '' NOT NULL, "remember_created_at" timestamp, "reset_password_token" character varying(255), "reset_password_sent_at" timestamp, "sign_in_count" integer DEFAULT 0, "current_sign_in_at" timestamp, "last_sign_in_at" timestamp, "current_sign_in_ip" character varying(255), "last_sign_in_ip" character varying(255), "name" character varying(255), "company_name" character varying(255), "city" character varying(255), "state" character varying(255), "phone_number" character varying(255), "approved" boolean DEFAULT 'f' NOT NULL, "created_at" timestamp NOT NULL, "updated_at" timestamp NOT NULL) 
  [1m[36m (0.7ms)[0m  [1m SELECT distinct i.relname, d.indisunique, d.indkey, pg_get_indexdef(d.indexrelid), t.oid
 FROM pg_class t
 INNER JOIN pg_index d ON t.oid = d.indrelid
 INNER JOIN pg_class i ON d.indexrelid = i.oid
 WHERE i.relkind = 'i'
 AND d.indisprimary = 'f'
 AND t.relname = 'owners'
 AND i.relnamespace IN (SELECT oid FROM pg_namespace WHERE nspname = ANY (current_schemas(false)) )
 ORDER BY i.relname
[0m
  [1m[35m (0.6ms)[0m  CREATE UNIQUE INDEX "index_owners_on_email" ON "owners" ("email")
  [1m[36m (0.5ms)[0m  [1m SELECT distinct i.relname, d.indisunique, d.indkey, pg_get_indexdef(d.indexrelid), t.oid
 FROM pg_class t
 INNER JOIN pg_index d ON t.oid = d.indrelid
 INNER JOIN pg_class i ON d.indexrelid = i.oid
 WHERE i.relkind = 'i'
 AND d.indisprimary = 'f'
 AND t.relname = 'owners'
 AND i.relnamespace IN (SELECT oid FROM pg_namespace WHERE nspname = ANY (current_schemas(false)) )
 ORDER BY i.relname
[0m
  [1m[35mColumns for index index_owners_on_email on owners (0.2ms)[0m   SELECT a.attnum, a.attname
 FROM pg_attribute a
 WHERE a.attrelid = 29098
 AND a.attnum IN (2)

  [1m[36m (0.5ms)[0m  [1mCREATE UNIQUE INDEX "index_owners_on_reset_password_token" ON "owners" ("reset_password_token")[0m
  [1m[35m (0.2ms)[0m  INSERT INTO "schema_migrations" ("version") VALUES ('20121111014948')
  [1m[36m (0.5ms)[0m  [1mCOMMIT[0m
Migrating to DeviseCreateAdmins (20121111042710)
  [1m[35m (0.1ms)[0m  BEGIN
  [1m[36m (0.1ms)[0m  [1mROLLBACK[0m
  [1m[36m (3.7ms)[0m  [1mCREATE TABLE "schema_migrations" ("version" character varying(255) NOT NULL) [0m
  [1m[35m (1.5ms)[0m   SELECT distinct i.relname, d.indisunique, d.indkey, pg_get_indexdef(d.indexrelid), t.oid
 FROM pg_class t
 INNER JOIN pg_index d ON t.oid = d.indrelid
 INNER JOIN pg_class i ON d.indexrelid = i.oid
 WHERE i.relkind = 'i'
 AND d.indisprimary = 'f'
 AND t.relname = 'schema_migrations'
 AND i.relnamespace IN (SELECT oid FROM pg_namespace WHERE nspname = ANY (current_schemas(false)) )
 ORDER BY i.relname

  [1m[36m (1.2ms)[0m  [1mCREATE UNIQUE INDEX "unique_schema_migrations" ON "schema_migrations" ("version")[0m
  [1m[35m (0.2ms)[0m  SELECT "schema_migrations"."version" FROM "schema_migrations" 
Migrating to DeviseCreateOwners (20121111014948)
  [1m[36m (0.0ms)[0m  [1mBEGIN[0m
  [1m[35m (3.3ms)[0m  CREATE TABLE "owners" ("id" serial primary key, "email" character varying(255) DEFAULT '' NOT NULL, "encrypted_password" character varying(255) DEFAULT '' NOT NULL, "remember_created_at" timestamp, "reset_password_token" character varying(255), "reset_password_sent_at" timestamp, "sign_in_count" integer DEFAULT 0, "current_sign_in_at" timestamp, "last_sign_in_at" timestamp, "current_sign_in_ip" character varying(255), "last_sign_in_ip" character varying(255), "name" character varying(255), "company_name" character varying(255), "city" character varying(255), "state" character varying(255), "phone_number" character varying(255), "approved" boolean DEFAULT 'f' NOT NULL, "created_at" timestamp NOT NULL, "updated_at" timestamp NOT NULL) 
  [1m[36m (0.7ms)[0m  [1m SELECT distinct i.relname, d.indisunique, d.indkey, pg_get_indexdef(d.indexrelid), t.oid
 FROM pg_class t
 INNER JOIN pg_index d ON t.oid = d.indrelid
 INNER JOIN pg_class i ON d.indexrelid = i.oid
 WHERE i.relkind = 'i'
 AND d.indisprimary = 'f'
 AND t.relname = 'owners'
 AND i.relnamespace IN (SELECT oid FROM pg_namespace WHERE nspname = ANY (current_schemas(false)) )
 ORDER BY i.relname
[0m
  [1m[35m (0.6ms)[0m  CREATE UNIQUE INDEX "index_owners_on_email" ON "owners" ("email")
  [1m[36m (0.6ms)[0m  [1m SELECT distinct i.relname, d.indisunique, d.indkey, pg_get_indexdef(d.indexrelid), t.oid
 FROM pg_class t
 INNER JOIN pg_index d ON t.oid = d.indrelid
 INNER JOIN pg_class i ON d.indexrelid = i.oid
 WHERE i.relkind = 'i'
 AND d.indisprimary = 'f'
 AND t.relname = 'owners'
 AND i.relnamespace IN (SELECT oid FROM pg_namespace WHERE nspname = ANY (current_schemas(false)) )
 ORDER BY i.relname
[0m
  [1m[35mColumns for index index_owners_on_email on owners (0.2ms)[0m   SELECT a.attnum, a.attname
 FROM pg_attribute a
 WHERE a.attrelid = 29121
 AND a.attnum IN (2)

  [1m[36m (0.5ms)[0m  [1mCREATE UNIQUE INDEX "index_owners_on_reset_password_token" ON "owners" ("reset_password_token")[0m
  [1m[35m (0.2ms)[0m  INSERT INTO "schema_migrations" ("version") VALUES ('20121111014948')
  [1m[36m (0.2ms)[0m  [1mCOMMIT[0m
Migrating to DeviseCreateAdmins (20121111042710)
  [1m[35m (0.1ms)[0m  BEGIN
  [1m[36m (2.8ms)[0m  [1mCREATE TABLE "admins" ("id" serial primary key, "email" character varying(255) DEFAULT '' NOT NULL, "encrypted_password" character varying(255) DEFAULT '' NOT NULL, "sign_in_count" integer DEFAULT 0, "current_sign_in_at" timestamp, "last_sign_in_at" timestamp, "current_sign_in_ip" character varying(255), "last_sign_in_ip" character varying(255), "failed_attempts" integer DEFAULT 0, "unlock_token" character varying(255), "locked_at" timestamp, "created_at" timestamp NOT NULL, "updated_at" timestamp NOT NULL) [0m
  [1m[35m (0.1ms)[0m  INSERT INTO "schema_migrations" ("version") VALUES ('20121111042710')
  [1m[36m (0.5ms)[0m  [1mCOMMIT[0m
  [1m[35m (0.2ms)[0m  SELECT "schema_migrations"."version" FROM "schema_migrations" 
  [1m[36mPK and serial sequence (1.9ms)[0m  [1m SELECT attr.attname, seq.relname
 FROM pg_class seq,
 pg_attribute attr,
 pg_depend dep,
 pg_namespace name,
 pg_constraint cons
 WHERE seq.oid = dep.objid
 AND seq.relkind = 'S'
 AND attr.attrelid = dep.refobjid
 AND attr.attnum = dep.refobjsubid
 AND attr.attrelid = cons.conrelid
 AND attr.attnum = cons.conkey[1]
 AND cons.contype = 'p'
 AND dep.refobjid = '"admins"'::regclass
[0m
  [1m[35m (1.3ms)[0m   SELECT distinct i.relname, d.indisunique, d.indkey, pg_get_indexdef(d.indexrelid), t.oid
 FROM pg_class t
 INNER JOIN pg_index d ON t.oid = d.indrelid
 INNER JOIN pg_class i ON d.indexrelid = i.oid
 WHERE i.relkind = 'i'
 AND d.indisprimary = 'f'
 AND t.relname = 'admins'
 AND i.relnamespace IN (SELECT oid FROM pg_namespace WHERE nspname = ANY (current_schemas(false)) )
 ORDER BY i.relname

  [1m[36mPK and serial sequence (0.9ms)[0m  [1m SELECT attr.attname, seq.relname
 FROM pg_class seq,
 pg_attribute attr,
 pg_depend dep,
 pg_namespace name,
 pg_constraint cons
 WHERE seq.oid = dep.objid
 AND seq.relkind = 'S'
 AND attr.attrelid = dep.refobjid
 AND attr.attnum = dep.refobjsubid
 AND attr.attrelid = cons.conrelid
 AND attr.attnum = cons.conkey[1]
 AND cons.contype = 'p'
 AND dep.refobjid = '"owners"'::regclass
[0m
  [1m[35m (1.0ms)[0m   SELECT distinct i.relname, d.indisunique, d.indkey, pg_get_indexdef(d.indexrelid), t.oid
 FROM pg_class t
 INNER JOIN pg_index d ON t.oid = d.indrelid
 INNER JOIN pg_class i ON d.indexrelid = i.oid
 WHERE i.relkind = 'i'
 AND d.indisprimary = 'f'
 AND t.relname = 'owners'
 AND i.relnamespace IN (SELECT oid FROM pg_namespace WHERE nspname = ANY (current_schemas(false)) )
 ORDER BY i.relname

  [1m[36mColumns for index index_owners_on_email on owners (0.2ms)[0m  [1m SELECT a.attnum, a.attname
 FROM pg_attribute a
 WHERE a.attrelid = 29121
 AND a.attnum IN (2)
[0m
  [1m[35mColumns for index index_owners_on_reset_password_token on owners (0.2ms)[0m   SELECT a.attnum, a.attname
 FROM pg_attribute a
 WHERE a.attrelid = 29121
 AND a.attnum IN (5)



Started GET "/" for 127.0.0.1 at 2012-11-10 22:11:12 -0800
Processing by HomeController#index as HTML
  Rendered home/index.html.haml within layouts/application (0.9ms)
Compiled home.css  (9ms)  (pid 19603)
Compiled owner_approval.css  (1ms)  (pid 19603)
Compiled owners.css  (1ms)  (pid 19603)
Compiled application.css  (69ms)  (pid 19603)
Compiled jquery.js  (5ms)  (pid 19603)
Compiled jquery_ujs.js  (0ms)  (pid 19603)
Compiled home.js  (43ms)  (pid 19603)
Compiled owner_approval.js  (0ms)  (pid 19603)
Compiled owners.js  (0ms)  (pid 19603)
Compiled application.js  (128ms)  (pid 19603)
Completed 200 OK in 317ms (Views: 316.2ms | ActiveRecord: 0.0ms)


Started GET "/assets/application.css?body=1" for 127.0.0.1 at 2012-11-10 22:11:12 -0800
Served asset /application.css - 200 OK (7ms)


Started GET "/assets/home.css?body=1" for 127.0.0.1 at 2012-11-10 22:11:12 -0800
Served asset /home.css - 200 OK (1ms)


Started GET "/assets/owner_approval.css?body=1" for 127.0.0.1 at 2012-11-10 22:11:12 -0800
Served asset /owner_approval.css - 200 OK (1ms)


Started GET "/assets/owners.css?body=1" for 127.0.0.1 at 2012-11-10 22:11:12 -0800
Served asset /owners.css - 200 OK (1ms)


Started GET "/assets/jquery.js?body=1" for 127.0.0.1 at 2012-11-10 22:11:12 -0800
Served asset /jquery.js - 200 OK (2ms)


Started GET "/assets/home.js?body=1" for 127.0.0.1 at 2012-11-10 22:11:12 -0800
Served asset /home.js - 200 OK (1ms)


Started GET "/assets/owner_approval.js?body=1" for 127.0.0.1 at 2012-11-10 22:11:12 -0800
Served asset /owner_approval.js - 200 OK (1ms)


Started GET "/assets/owners.js?body=1" for 127.0.0.1 at 2012-11-10 22:11:12 -0800
Served asset /owners.js - 200 OK (1ms)


Started GET "/assets/jquery_ujs.js?body=1" for 127.0.0.1 at 2012-11-10 22:11:12 -0800
Served asset /jquery_ujs.js - 200 OK (2ms)


Started GET "/assets/application.js?body=1" for 127.0.0.1 at 2012-11-10 22:11:12 -0800
Served asset /application.js - 200 OK (8ms)


Started GET "/" for 127.0.0.1 at 2012-11-10 22:11:46 -0800
Processing by HomeController#index as HTML
  Rendered home/index.html.haml within layouts/application (0.9ms)
Completed 200 OK in 8ms (Views: 8.1ms | ActiveRecord: 0.0ms)


Started GET "/assets/application.css?body=1" for 127.0.0.1 at 2012-11-10 22:11:46 -0800
Served asset /application.css - 304 Not Modified (0ms)


Started GET "/assets/home.css?body=1" for 127.0.0.1 at 2012-11-10 22:11:46 -0800
Served asset /home.css - 304 Not Modified (0ms)


Started GET "/assets/owner_approval.css?body=1" for 127.0.0.1 at 2012-11-10 22:11:46 -0800
Served asset /owner_approval.css - 304 Not Modified (0ms)


Started GET "/assets/owners.css?body=1" for 127.0.0.1 at 2012-11-10 22:11:46 -0800
Served asset /owners.css - 304 Not Modified (0ms)


Started GET "/assets/jquery.js?body=1" for 127.0.0.1 at 2012-11-10 22:11:46 -0800
Served asset /jquery.js - 304 Not Modified (0ms)


Started GET "/assets/jquery_ujs.js?body=1" for 127.0.0.1 at 2012-11-10 22:11:46 -0800
Served asset /jquery_ujs.js - 304 Not Modified (0ms)


Started GET "/assets/home.js?body=1" for 127.0.0.1 at 2012-11-10 22:11:46 -0800
Served asset /home.js - 304 Not Modified (0ms)


Started GET "/assets/owner_approval.js?body=1" for 127.0.0.1 at 2012-11-10 22:11:46 -0800
Served asset /owner_approval.js - 304 Not Modified (0ms)


Started GET "/assets/owners.js?body=1" for 127.0.0.1 at 2012-11-10 22:11:46 -0800
Served asset /owners.js - 304 Not Modified (0ms)


Started GET "/assets/application.js?body=1" for 127.0.0.1 at 2012-11-10 22:11:46 -0800
Served asset /application.js - 304 Not Modified (0ms)


Started GET "/" for 127.0.0.1 at 2012-11-10 22:19:45 -0800
Processing by HomeController#index as HTML
  Rendered home/index.html.haml within layouts/application (0.9ms)
Completed 500 Internal Server Error in 50ms

ActionView::Template::Error (Illegal nesting: nesting within plain text is illegal.):
    1: %h1 Welcome to Thanxup
    2: <div class="container navbar-wrapper">
    3: 
    4:   <div class="navbar navbar-inverse">
    5:     <div class="navbar-inner">
    6:       <!-- Responsive Navbar Part 1: Button for triggering responsive navbar (not covered in tutorial). Include responsive CSS to utilize. -->
    7:       <a class="btn btn-navbar" data-toggle="collapse" data-target=".nav-collapse">
  app/views/home/index.html.haml:4


  Rendered /Users/cnixon/.rvm/gems/ruby-1.9.3-p286@thanxup/gems/actionpack-3.2.2/lib/action_dispatch/middleware/templates/rescues/_trace.erb (5.0ms)
  Rendered /Users/cnixon/.rvm/gems/ruby-1.9.3-p286@thanxup/gems/actionpack-3.2.2/lib/action_dispatch/middleware/templates/rescues/_request_and_response.erb (1.1ms)
  Rendered /Users/cnixon/.rvm/gems/ruby-1.9.3-p286@thanxup/gems/actionpack-3.2.2/lib/action_dispatch/middleware/templates/rescues/template_error.erb within rescues/layout (15.0ms)


Started GET "/" for 127.0.0.1 at 2012-11-10 22:19:46 -0800
Processing by HomeController#index as HTML
  Rendered home/index.html.haml within layouts/application (0.7ms)
Completed 500 Internal Server Error in 3ms

ActionView::Template::Error (Illegal nesting: nesting within plain text is illegal.):
    1: %h1 Welcome to Thanxup
    2: <div class="container navbar-wrapper">
    3: 
    4:   <div class="navbar navbar-inverse">
    5:     <div class="navbar-inner">
    6:       <!-- Responsive Navbar Part 1: Button for triggering responsive navbar (not covered in tutorial). Include responsive CSS to utilize. -->
    7:       <a class="btn btn-navbar" data-toggle="collapse" data-target=".nav-collapse">
  app/views/home/index.html.haml:4


  Rendered /Users/cnixon/.rvm/gems/ruby-1.9.3-p286@thanxup/gems/actionpack-3.2.2/lib/action_dispatch/middleware/templates/rescues/_trace.erb (5.0ms)
  Rendered /Users/cnixon/.rvm/gems/ruby-1.9.3-p286@thanxup/gems/actionpack-3.2.2/lib/action_dispatch/middleware/templates/rescues/_request_and_response.erb (1.1ms)
  Rendered /Users/cnixon/.rvm/gems/ruby-1.9.3-p286@thanxup/gems/actionpack-3.2.2/lib/action_dispatch/middleware/templates/rescues/template_error.erb within rescues/layout (13.9ms)


Started GET "/" for 127.0.0.1 at 2012-11-10 22:19:58 -0800
Processing by HomeController#index as HTML
  Rendered home/index.html.haml within layouts/application (0.9ms)
Completed 500 Internal Server Error in 3ms

ActionView::Template::Error (Illegal nesting: nesting within plain text is illegal.):
    1: %h1 Welcome to Thanxup
    2: <div class="container navbar-wrapper">
    3:   <div class="navbar navbar-inverse">
    4:     <div class="navbar-inner">
    5:       <!-- Responsive Navbar Part 1: Button for triggering responsive navbar (not covered in tutorial). Include responsive CSS to utilize. -->
    6:       <a class="btn btn-navbar" data-toggle="collapse" data-target=".nav-collapse">
  app/views/home/index.html.haml:3


  Rendered /Users/cnixon/.rvm/gems/ruby-1.9.3-p286@thanxup/gems/actionpack-3.2.2/lib/action_dispatch/middleware/templates/rescues/_trace.erb (4.9ms)
  Rendered /Users/cnixon/.rvm/gems/ruby-1.9.3-p286@thanxup/gems/actionpack-3.2.2/lib/action_dispatch/middleware/templates/rescues/_request_and_response.erb (1.2ms)
  Rendered /Users/cnixon/.rvm/gems/ruby-1.9.3-p286@thanxup/gems/actionpack-3.2.2/lib/action_dispatch/middleware/templates/rescues/template_error.erb within rescues/layout (14.0ms)


Started GET "/" for 127.0.0.1 at 2012-11-10 22:20:45 -0800
Processing by HomeController#index as HTML
  Rendered home/index.html.haml within layouts/application (0.8ms)
Completed 500 Internal Server Error in 3ms

ActionView::Template::Error (Illegal nesting: nesting within plain text is illegal.):
    1: <div class="container navbar-wrapper">
    2:   <div class="navbar navbar-inverse">
    3:     <div class="navbar-inner">
    4:       <!-- Responsive Navbar Part 1: Button for triggering responsive navbar (not covered in tutorial). Include responsive CSS to utilize. -->
    5:       <a class="btn btn-navbar" data-toggle="collapse" data-target=".nav-collapse">
  app/views/home/index.html.haml:2


  Rendered /Users/cnixon/.rvm/gems/ruby-1.9.3-p286@thanxup/gems/actionpack-3.2.2/lib/action_dispatch/middleware/templates/rescues/_trace.erb (4.8ms)
  Rendered /Users/cnixon/.rvm/gems/ruby-1.9.3-p286@thanxup/gems/actionpack-3.2.2/lib/action_dispatch/middleware/templates/rescues/_request_and_response.erb (37.2ms)
  Rendered /Users/cnixon/.rvm/gems/ruby-1.9.3-p286@thanxup/gems/actionpack-3.2.2/lib/action_dispatch/middleware/templates/rescues/template_error.erb within rescues/layout (49.8ms)


Started GET "/" for 127.0.0.1 at 2012-11-10 22:23:13 -0800
Processing by HomeController#index as HTML
  Rendered home/index.html.haml within layouts/application (0.8ms)
Completed 500 Internal Server Error in 3ms

ActionView::Template::Error (Illegal nesting: nesting within plain text is illegal.):
    1: <div class="container navbar-wrapper">
    2:   <div class="navbar navbar-inverse">
    3:     <div class="navbar-inner">
    4:       <!-- Responsive Navbar Part 1: Button for triggering responsive navbar (not covered in tutorial). Include responsive CSS to utilize. -->
    5:       <a class="btn btn-navbar" data-toggle="collapse" data-target=".nav-collapse">
  app/views/home/index.html.haml:2


  Rendered /Users/cnixon/.rvm/gems/ruby-1.9.3-p286@thanxup/gems/actionpack-3.2.2/lib/action_dispatch/middleware/templates/rescues/_trace.erb (5.2ms)
  Rendered /Users/cnixon/.rvm/gems/ruby-1.9.3-p286@thanxup/gems/actionpack-3.2.2/lib/action_dispatch/middleware/templates/rescues/_request_and_response.erb (1.2ms)
  Rendered /Users/cnixon/.rvm/gems/ruby-1.9.3-p286@thanxup/gems/actionpack-3.2.2/lib/action_dispatch/middleware/templates/rescues/template_error.erb within rescues/layout (14.5ms)


Started GET "/" for 127.0.0.1 at 2012-11-10 22:23:14 -0800
Processing by HomeController#index as HTML
  Rendered home/index.html.haml within layouts/application (0.6ms)
Completed 500 Internal Server Error in 3ms

ActionView::Template::Error (Illegal nesting: nesting within plain text is illegal.):
    1: <div class="container navbar-wrapper">
    2:   <div class="navbar navbar-inverse">
    3:     <div class="navbar-inner">
    4:       <!-- Responsive Navbar Part 1: Button for triggering responsive navbar (not covered in tutorial). Include responsive CSS to utilize. -->
    5:       <a class="btn btn-navbar" data-toggle="collapse" data-target=".nav-collapse">
  app/views/home/index.html.haml:2


  Rendered /Users/cnixon/.rvm/gems/ruby-1.9.3-p286@thanxup/gems/actionpack-3.2.2/lib/action_dispatch/middleware/templates/rescues/_trace.erb (5.0ms)
  Rendered /Users/cnixon/.rvm/gems/ruby-1.9.3-p286@thanxup/gems/actionpack-3.2.2/lib/action_dispatch/middleware/templates/rescues/_request_and_response.erb (1.1ms)
  Rendered /Users/cnixon/.rvm/gems/ruby-1.9.3-p286@thanxup/gems/actionpack-3.2.2/lib/action_dispatch/middleware/templates/rescues/template_error.erb within rescues/layout (14.1ms)


Started GET "/" for 127.0.0.1 at 2012-11-10 22:23:14 -0800
Processing by HomeController#index as HTML
  Rendered home/index.html.haml within layouts/application (0.6ms)
Completed 500 Internal Server Error in 3ms

ActionView::Template::Error (Illegal nesting: nesting within plain text is illegal.):
    1: <div class="container navbar-wrapper">
    2:   <div class="navbar navbar-inverse">
    3:     <div class="navbar-inner">
    4:       <!-- Responsive Navbar Part 1: Button for triggering responsive navbar (not covered in tutorial). Include responsive CSS to utilize. -->
    5:       <a class="btn btn-navbar" data-toggle="collapse" data-target=".nav-collapse">
  app/views/home/index.html.haml:2


  Rendered /Users/cnixon/.rvm/gems/ruby-1.9.3-p286@thanxup/gems/actionpack-3.2.2/lib/action_dispatch/middleware/templates/rescues/_trace.erb (4.9ms)
  Rendered /Users/cnixon/.rvm/gems/ruby-1.9.3-p286@thanxup/gems/actionpack-3.2.2/lib/action_dispatch/middleware/templates/rescues/_request_and_response.erb (1.2ms)
  Rendered /Users/cnixon/.rvm/gems/ruby-1.9.3-p286@thanxup/gems/actionpack-3.2.2/lib/action_dispatch/middleware/templates/rescues/template_error.erb within rescues/layout (14.1ms)


Started GET "/" for 127.0.0.1 at 2012-11-10 22:23:14 -0800
Processing by HomeController#index as HTML
  Rendered home/index.html.haml within layouts/application (0.7ms)
Completed 500 Internal Server Error in 3ms

ActionView::Template::Error (Illegal nesting: nesting within plain text is illegal.):
    1: <div class="container navbar-wrapper">
    2:   <div class="navbar navbar-inverse">
    3:     <div class="navbar-inner">
    4:       <!-- Responsive Navbar Part 1: Button for triggering responsive navbar (not covered in tutorial). Include responsive CSS to utilize. -->
    5:       <a class="btn btn-navbar" data-toggle="collapse" data-target=".nav-collapse">
  app/views/home/index.html.haml:2


  Rendered /Users/cnixon/.rvm/gems/ruby-1.9.3-p286@thanxup/gems/actionpack-3.2.2/lib/action_dispatch/middleware/templates/rescues/_trace.erb (5.1ms)
  Rendered /Users/cnixon/.rvm/gems/ruby-1.9.3-p286@thanxup/gems/actionpack-3.2.2/lib/action_dispatch/middleware/templates/rescues/_request_and_response.erb (1.2ms)
  Rendered /Users/cnixon/.rvm/gems/ruby-1.9.3-p286@thanxup/gems/actionpack-3.2.2/lib/action_dispatch/middleware/templates/rescues/template_error.erb within rescues/layout (14.6ms)


Started GET "/" for 127.0.0.1 at 2012-11-10 22:23:15 -0800
Processing by HomeController#index as HTML
  Rendered home/index.html.haml within layouts/application (0.7ms)
Completed 500 Internal Server Error in 3ms

ActionView::Template::Error (Illegal nesting: nesting within plain text is illegal.):
    1: <div class="container navbar-wrapper">
    2:   <div class="navbar navbar-inverse">
    3:     <div class="navbar-inner">
    4:       <!-- Responsive Navbar Part 1: Button for triggering responsive navbar (not covered in tutorial). Include responsive CSS to utilize. -->
    5:       <a class="btn btn-navbar" data-toggle="collapse" data-target=".nav-collapse">
  app/views/home/index.html.haml:2


  Rendered /Users/cnixon/.rvm/gems/ruby-1.9.3-p286@thanxup/gems/actionpack-3.2.2/lib/action_dispatch/middleware/templates/rescues/_trace.erb (5.0ms)
  Rendered /Users/cnixon/.rvm/gems/ruby-1.9.3-p286@thanxup/gems/actionpack-3.2.2/lib/action_dispatch/middleware/templates/rescues/_request_and_response.erb (1.1ms)
  Rendered /Users/cnixon/.rvm/gems/ruby-1.9.3-p286@thanxup/gems/actionpack-3.2.2/lib/action_dispatch/middleware/templates/rescues/template_error.erb within rescues/layout (14.2ms)


Started GET "/" for 127.0.0.1 at 2012-11-10 22:23:15 -0800
Processing by HomeController#index as HTML
  Rendered home/index.html.haml within layouts/application (0.7ms)
Completed 500 Internal Server Error in 3ms

ActionView::Template::Error (Illegal nesting: nesting within plain text is illegal.):
    1: <div class="container navbar-wrapper">
    2:   <div class="navbar navbar-inverse">
    3:     <div class="navbar-inner">
    4:       <!-- Responsive Navbar Part 1: Button for triggering responsive navbar (not covered in tutorial). Include responsive CSS to utilize. -->
    5:       <a class="btn btn-navbar" data-toggle="collapse" data-target=".nav-collapse">
  app/views/home/index.html.haml:2


  Rendered /Users/cnixon/.rvm/gems/ruby-1.9.3-p286@thanxup/gems/actionpack-3.2.2/lib/action_dispatch/middleware/templates/rescues/_trace.erb (5.1ms)
  Rendered /Users/cnixon/.rvm/gems/ruby-1.9.3-p286@thanxup/gems/actionpack-3.2.2/lib/action_dispatch/middleware/templates/rescues/_request_and_response.erb (1.2ms)
  Rendered /Users/cnixon/.rvm/gems/ruby-1.9.3-p286@thanxup/gems/actionpack-3.2.2/lib/action_dispatch/middleware/templates/rescues/template_error.erb within rescues/layout (14.3ms)


Started GET "/" for 127.0.0.1 at 2012-11-10 22:30:21 -0800
Processing by HomeController#index as HTML
  Rendered home/index.html.haml within layouts/application (3.0ms)
Compiled bootstrap_and_overrides.css  (826ms)  (pid 19653)
Compiled application.css  (835ms)  (pid 19653)
Compiled twitter/bootstrap/bootstrap-transition.js  (0ms)  (pid 19653)
Compiled twitter/bootstrap/bootstrap-alert.js  (0ms)  (pid 19653)
Compiled twitter/bootstrap/bootstrap-modal.js  (0ms)  (pid 19653)
Compiled twitter/bootstrap/bootstrap-dropdown.js  (0ms)  (pid 19653)
Compiled twitter/bootstrap/bootstrap-scrollspy.js  (0ms)  (pid 19653)
Compiled twitter/bootstrap/bootstrap-tab.js  (0ms)  (pid 19653)
Compiled twitter/bootstrap/bootstrap-tooltip.js  (0ms)  (pid 19653)
Compiled twitter/bootstrap/bootstrap-popover.js  (0ms)  (pid 19653)
Compiled twitter/bootstrap/bootstrap-button.js  (0ms)  (pid 19653)
Compiled twitter/bootstrap/bootstrap-collapse.js  (0ms)  (pid 19653)
Compiled twitter/bootstrap/bootstrap-carousel.js  (0ms)  (pid 19653)
Compiled twitter/bootstrap/bootstrap-typeahead.js  (0ms)  (pid 19653)
Compiled twitter/bootstrap/bootstrap-affix.js  (0ms)  (pid 19653)
Compiled twitter/bootstrap.js  (203ms)  (pid 19653)
Compiled bootstrap.js  (81ms)  (pid 19653)
Compiled application.js  (305ms)  (pid 19653)
Completed 200 OK in 1237ms (Views: 1236.4ms | ActiveRecord: 0.0ms)


Started GET "/assets/bootstrap_and_overrides.css?body=1" for 127.0.0.1 at 2012-11-10 22:30:22 -0800
Served asset /bootstrap_and_overrides.css - 200 OK (2ms)


Started GET "/assets/application.css?body=1" for 127.0.0.1 at 2012-11-10 22:30:22 -0800
Served asset /application.css - 304 Not Modified (7ms)


Started GET "/assets/twitter/bootstrap/bootstrap-transition.js?body=1" for 127.0.0.1 at 2012-11-10 22:30:22 -0800
Served asset /twitter/bootstrap/bootstrap-transition.js - 200 OK (3ms)


Started GET "/assets/twitter/bootstrap/bootstrap-alert.js?body=1" for 127.0.0.1 at 2012-11-10 22:30:22 -0800
Served asset /twitter/bootstrap/bootstrap-alert.js - 200 OK (4ms)


Started GET "/assets/home.css?body=1" for 127.0.0.1 at 2012-11-10 22:30:22 -0800
Served asset /home.css - 304 Not Modified (1ms)


Started GET "/assets/twitter/bootstrap/bootstrap-modal.js?body=1" for 127.0.0.1 at 2012-11-10 22:30:22 -0800
Served asset /twitter/bootstrap/bootstrap-modal.js - 200 OK (46ms)


Started GET "/assets/twitter/bootstrap/bootstrap-dropdown.js?body=1" for 127.0.0.1 at 2012-11-10 22:30:22 -0800
Served asset /twitter/bootstrap/bootstrap-dropdown.js - 200 OK (3ms)


Started GET "/assets/twitter/bootstrap/bootstrap-scrollspy.js?body=1" for 127.0.0.1 at 2012-11-10 22:30:22 -0800
Served asset /twitter/bootstrap/bootstrap-scrollspy.js - 200 OK (4ms)


Started GET "/assets/twitter/bootstrap/bootstrap-tab.js?body=1" for 127.0.0.1 at 2012-11-10 22:30:22 -0800
Served asset /twitter/bootstrap/bootstrap-tab.js - 200 OK (3ms)


Started GET "/assets/owner_approval.css?body=1" for 127.0.0.1 at 2012-11-10 22:30:22 -0800
Served asset /owner_approval.css - 304 Not Modified (1ms)


Started GET "/assets/twitter/bootstrap/bootstrap-tooltip.js?body=1" for 127.0.0.1 at 2012-11-10 22:30:22 -0800
Served asset /twitter/bootstrap/bootstrap-tooltip.js - 200 OK (3ms)


Started GET "/assets/twitter/bootstrap/bootstrap-popover.js?body=1" for 127.0.0.1 at 2012-11-10 22:30:22 -0800
Served asset /twitter/bootstrap/bootstrap-popover.js - 200 OK (4ms)


Started GET "/assets/twitter/bootstrap/bootstrap-button.js?body=1" for 127.0.0.1 at 2012-11-10 22:30:22 -0800
Served asset /twitter/bootstrap/bootstrap-button.js - 200 OK (3ms)


Started GET "/assets/twitter/bootstrap/bootstrap-collapse.js?body=1" for 127.0.0.1 at 2012-11-10 22:30:22 -0800
Served asset /twitter/bootstrap/bootstrap-collapse.js - 200 OK (3ms)


Started GET "/assets/twitter/bootstrap/bootstrap-carousel.js?body=1" for 127.0.0.1 at 2012-11-10 22:30:22 -0800
Served asset /twitter/bootstrap/bootstrap-carousel.js - 200 OK (3ms)


Started GET "/assets/owners.css?body=1" for 127.0.0.1 at 2012-11-10 22:30:22 -0800
Served asset /owners.css - 304 Not Modified (1ms)


Started GET "/assets/twitter/bootstrap/bootstrap-typeahead.js?body=1" for 127.0.0.1 at 2012-11-10 22:30:22 -0800
Served asset /twitter/bootstrap/bootstrap-typeahead.js - 200 OK (4ms)


Started GET "/assets/twitter/bootstrap/bootstrap-affix.js?body=1" for 127.0.0.1 at 2012-11-10 22:30:23 -0800
Served asset /twitter/bootstrap/bootstrap-affix.js - 200 OK (3ms)


Started GET "/assets/jquery.js?body=1" for 127.0.0.1 at 2012-11-10 22:30:23 -0800
Served asset /jquery.js - 304 Not Modified (2ms)


Started GET "/assets/twitter/bootstrap.js?body=1" for 127.0.0.1 at 2012-11-10 22:30:23 -0800
Served asset /twitter/bootstrap.js - 200 OK (20ms)


Started GET "/assets/jquery_ujs.js?body=1" for 127.0.0.1 at 2012-11-10 22:30:23 -0800
Served asset /jquery_ujs.js - 304 Not Modified (2ms)


Started GET "/assets/bootstrap.js?body=1" for 127.0.0.1 at 2012-11-10 22:30:23 -0800
Served asset /bootstrap.js - 200 OK (1ms)


Started GET "/assets/home.js?body=1" for 127.0.0.1 at 2012-11-10 22:30:23 -0800
Served asset /home.js - 304 Not Modified (1ms)


Started GET "/assets/owner_approval.js?body=1" for 127.0.0.1 at 2012-11-10 22:30:23 -0800
Served asset /owner_approval.js - 304 Not Modified (2ms)


Started GET "/assets/owners.js?body=1" for 127.0.0.1 at 2012-11-10 22:30:23 -0800
Served asset /owners.js - 304 Not Modified (1ms)


Started GET "/assets/application.js?body=1" for 127.0.0.1 at 2012-11-10 22:30:23 -0800
Served asset /application.js - 200 OK (29ms)


Started GET "/" for 127.0.0.1 at 2012-11-10 22:32:00 -0800
Processing by HomeController#index as HTML
  Rendered home/index.html.haml within layouts/application (0.8ms)
Completed 500 Internal Server Error in 3ms

ActionView::Template::Error (Illegal nesting: nesting within plain text is illegal.):
    3: <!-- Wrap the .navbar in .container to center it on the page and provide easy way to target it with .navbar-wrapper. -->
    4: <div class="container navbar-wrapper">
    5: 
    6:   <div class="navbar navbar-inverse">
    7:     <div class="navbar-inner">
    8:       <!-- Responsive Navbar Part 1: Button for triggering responsive navbar (not covered in tutorial). Include responsive CSS to utilize. -->
    9:       <a class="btn btn-navbar" data-toggle="collapse" data-target=".nav-collapse">
  app/views/home/index.html.haml:6


  Rendered /Users/cnixon/.rvm/gems/ruby-1.9.3-p286@thanxup/gems/actionpack-3.2.2/lib/action_dispatch/middleware/templates/rescues/_trace.erb (5.1ms)
  Rendered /Users/cnixon/.rvm/gems/ruby-1.9.3-p286@thanxup/gems/actionpack-3.2.2/lib/action_dispatch/middleware/templates/rescues/_request_and_response.erb (1.1ms)
  Rendered /Users/cnixon/.rvm/gems/ruby-1.9.3-p286@thanxup/gems/actionpack-3.2.2/lib/action_dispatch/middleware/templates/rescues/template_error.erb within rescues/layout (14.5ms)


Started GET "/" for 127.0.0.1 at 2012-11-10 22:32:16 -0800
Processing by HomeController#index as HTML
  Rendered home/index.html.haml within layouts/application (0.8ms)
Completed 500 Internal Server Error in 3ms

ActionView::Template::Error (Illegal nesting: nesting within plain text is illegal.):
    1: <div class="container navbar-wrapper">
    2: 
    3:   <div class="navbar navbar-inverse">
    4:     <div class="navbar-inner">
    5:       <a class="btn btn-navbar" data-toggle="collapse" data-target=".nav-collapse">
    6:         <span class="icon-bar"></span>
  app/views/home/index.html.haml:3


  Rendered /Users/cnixon/.rvm/gems/ruby-1.9.3-p286@thanxup/gems/actionpack-3.2.2/lib/action_dispatch/middleware/templates/rescues/_trace.erb (4.9ms)
  Rendered /Users/cnixon/.rvm/gems/ruby-1.9.3-p286@thanxup/gems/actionpack-3.2.2/lib/action_dispatch/middleware/templates/rescues/_request_and_response.erb (1.2ms)
  Rendered /Users/cnixon/.rvm/gems/ruby-1.9.3-p286@thanxup/gems/actionpack-3.2.2/lib/action_dispatch/middleware/templates/rescues/template_error.erb within rescues/layout (14.1ms)


Started GET "/" for 127.0.0.1 at 2012-11-10 22:32:27 -0800
Processing by HomeController#index as HTML
  Rendered home/index.html.haml within layouts/application (0.8ms)
Completed 500 Internal Server Error in 4ms

ActionView::Template::Error (Illegal nesting: nesting within plain text is illegal.):
    1: <div class="container navbar-wrapper">
    2:   <div class="navbar navbar-inverse">
    3:     <div class="navbar-inner">
    4:       <a class="btn btn-navbar" data-toggle="collapse" data-target=".nav-collapse">
    5:         <span class="icon-bar"></span>
  app/views/home/index.html.haml:2


  Rendered /Users/cnixon/.rvm/gems/ruby-1.9.3-p286@thanxup/gems/actionpack-3.2.2/lib/action_dispatch/middleware/templates/rescues/_trace.erb (5.1ms)
  Rendered /Users/cnixon/.rvm/gems/ruby-1.9.3-p286@thanxup/gems/actionpack-3.2.2/lib/action_dispatch/middleware/templates/rescues/_request_and_response.erb (1.1ms)
  Rendered /Users/cnixon/.rvm/gems/ruby-1.9.3-p286@thanxup/gems/actionpack-3.2.2/lib/action_dispatch/middleware/templates/rescues/template_error.erb within rescues/layout (14.4ms)


Started GET "/" for 127.0.0.1 at 2012-11-10 22:32:28 -0800
Processing by HomeController#index as HTML
  Rendered home/index.html.haml within layouts/application (0.6ms)
Completed 500 Internal Server Error in 3ms

ActionView::Template::Error (Illegal nesting: nesting within plain text is illegal.):
    1: <div class="container navbar-wrapper">
    2:   <div class="navbar navbar-inverse">
    3:     <div class="navbar-inner">
    4:       <a class="btn btn-navbar" data-toggle="collapse" data-target=".nav-collapse">
    5:         <span class="icon-bar"></span>
  app/views/home/index.html.haml:2


  Rendered /Users/cnixon/.rvm/gems/ruby-1.9.3-p286@thanxup/gems/actionpack-3.2.2/lib/action_dispatch/middleware/templates/rescues/_trace.erb (4.8ms)
  Rendered /Users/cnixon/.rvm/gems/ruby-1.9.3-p286@thanxup/gems/actionpack-3.2.2/lib/action_dispatch/middleware/templates/rescues/_request_and_response.erb (1.1ms)
  Rendered /Users/cnixon/.rvm/gems/ruby-1.9.3-p286@thanxup/gems/actionpack-3.2.2/lib/action_dispatch/middleware/templates/rescues/template_error.erb within rescues/layout (13.8ms)


Started GET "/" for 127.0.0.1 at 2012-11-10 22:32:28 -0800
Processing by HomeController#index as HTML
  Rendered home/index.html.haml within layouts/application (0.6ms)
Completed 500 Internal Server Error in 3ms

ActionView::Template::Error (Illegal nesting: nesting within plain text is illegal.):
    1: <div class="container navbar-wrapper">
    2:   <div class="navbar navbar-inverse">
    3:     <div class="navbar-inner">
    4:       <a class="btn btn-navbar" data-toggle="collapse" data-target=".nav-collapse">
    5:         <span class="icon-bar"></span>
  app/views/home/index.html.haml:2


  Rendered /Users/cnixon/.rvm/gems/ruby-1.9.3-p286@thanxup/gems/actionpack-3.2.2/lib/action_dispatch/middleware/templates/rescues/_trace.erb (4.8ms)
  Rendered /Users/cnixon/.rvm/gems/ruby-1.9.3-p286@thanxup/gems/actionpack-3.2.2/lib/action_dispatch/middleware/templates/rescues/_request_and_response.erb (1.1ms)
  Rendered /Users/cnixon/.rvm/gems/ruby-1.9.3-p286@thanxup/gems/actionpack-3.2.2/lib/action_dispatch/middleware/templates/rescues/template_error.erb within rescues/layout (14.1ms)


Started GET "/" for 127.0.0.1 at 2012-11-10 22:32:29 -0800
Processing by HomeController#index as HTML
  Rendered home/index.html.haml within layouts/application (0.6ms)
Completed 500 Internal Server Error in 3ms

ActionView::Template::Error (Illegal nesting: nesting within plain text is illegal.):
    1: <div class="container navbar-wrapper">
    2:   <div class="navbar navbar-inverse">
    3:     <div class="navbar-inner">
    4:       <a class="btn btn-navbar" data-toggle="collapse" data-target=".nav-collapse">
    5:         <span class="icon-bar"></span>
  app/views/home/index.html.haml:2


  Rendered /Users/cnixon/.rvm/gems/ruby-1.9.3-p286@thanxup/gems/actionpack-3.2.2/lib/action_dispatch/middleware/templates/rescues/_trace.erb (5.0ms)
  Rendered /Users/cnixon/.rvm/gems/ruby-1.9.3-p286@thanxup/gems/actionpack-3.2.2/lib/action_dispatch/middleware/templates/rescues/_request_and_response.erb (1.1ms)
  Rendered /Users/cnixon/.rvm/gems/ruby-1.9.3-p286@thanxup/gems/actionpack-3.2.2/lib/action_dispatch/middleware/templates/rescues/template_error.erb within rescues/layout (14.0ms)


Started GET "/" for 127.0.0.1 at 2012-11-10 22:32:29 -0800
Processing by HomeController#index as HTML
  Rendered home/index.html.haml within layouts/application (0.7ms)
Completed 500 Internal Server Error in 3ms

ActionView::Template::Error (Illegal nesting: nesting within plain text is illegal.):
    1: <div class="container navbar-wrapper">
    2:   <div class="navbar navbar-inverse">
    3:     <div class="navbar-inner">
    4:       <a class="btn btn-navbar" data-toggle="collapse" data-target=".nav-collapse">
    5:         <span class="icon-bar"></span>
  app/views/home/index.html.haml:2


  Rendered /Users/cnixon/.rvm/gems/ruby-1.9.3-p286@thanxup/gems/actionpack-3.2.2/lib/action_dispatch/middleware/templates/rescues/_trace.erb (4.7ms)
  Rendered /Users/cnixon/.rvm/gems/ruby-1.9.3-p286@thanxup/gems/actionpack-3.2.2/lib/action_dispatch/middleware/templates/rescues/_request_and_response.erb (1.1ms)
  Rendered /Users/cnixon/.rvm/gems/ruby-1.9.3-p286@thanxup/gems/actionpack-3.2.2/lib/action_dispatch/middleware/templates/rescues/template_error.erb within rescues/layout (13.5ms)


Started GET "/" for 127.0.0.1 at 2012-11-10 22:32:29 -0800
Processing by HomeController#index as HTML
  Rendered home/index.html.haml within layouts/application (0.7ms)
Completed 500 Internal Server Error in 3ms

ActionView::Template::Error (Illegal nesting: nesting within plain text is illegal.):
    1: <div class="container navbar-wrapper">
    2:   <div class="navbar navbar-inverse">
    3:     <div class="navbar-inner">
    4:       <a class="btn btn-navbar" data-toggle="collapse" data-target=".nav-collapse">
    5:         <span class="icon-bar"></span>
  app/views/home/index.html.haml:2


  Rendered /Users/cnixon/.rvm/gems/ruby-1.9.3-p286@thanxup/gems/actionpack-3.2.2/lib/action_dispatch/middleware/templates/rescues/_trace.erb (5.1ms)
  Rendered /Users/cnixon/.rvm/gems/ruby-1.9.3-p286@thanxup/gems/actionpack-3.2.2/lib/action_dispatch/middleware/templates/rescues/_request_and_response.erb (1.2ms)
  Rendered /Users/cnixon/.rvm/gems/ruby-1.9.3-p286@thanxup/gems/actionpack-3.2.2/lib/action_dispatch/middleware/templates/rescues/template_error.erb within rescues/layout (14.4ms)


Started GET "/" for 127.0.0.1 at 2012-11-10 22:32:29 -0800
Processing by HomeController#index as HTML
  Rendered home/index.html.haml within layouts/application (0.8ms)
Completed 500 Internal Server Error in 3ms

ActionView::Template::Error (Illegal nesting: nesting within plain text is illegal.):
    1: <div class="container navbar-wrapper">
    2:   <div class="navbar navbar-inverse">
    3:     <div class="navbar-inner">
    4:       <a class="btn btn-navbar" data-toggle="collapse" data-target=".nav-collapse">
    5:         <span class="icon-bar"></span>
  app/views/home/index.html.haml:2


  Rendered /Users/cnixon/.rvm/gems/ruby-1.9.3-p286@thanxup/gems/actionpack-3.2.2/lib/action_dispatch/middleware/templates/rescues/_trace.erb (4.9ms)
  Rendered /Users/cnixon/.rvm/gems/ruby-1.9.3-p286@thanxup/gems/actionpack-3.2.2/lib/action_dispatch/middleware/templates/rescues/_request_and_response.erb (1.2ms)
  Rendered /Users/cnixon/.rvm/gems/ruby-1.9.3-p286@thanxup/gems/actionpack-3.2.2/lib/action_dispatch/middleware/templates/rescues/template_error.erb within rescues/layout (14.2ms)


Started GET "/" for 127.0.0.1 at 2012-11-10 22:33:32 -0800
Processing by HomeController#index as HTML
  Rendered home/index.html.erb within layouts/application (0.4ms)
Completed 200 OK in 97ms (Views: 96.8ms | ActiveRecord: 0.0ms)


Started GET "/assets/application.css?body=1" for 127.0.0.1 at 2012-11-10 22:33:32 -0800
Served asset /application.css - 304 Not Modified (44ms)


Started GET "/assets/bootstrap_and_overrides.css?body=1" for 127.0.0.1 at 2012-11-10 22:33:32 -0800
Served asset /bootstrap_and_overrides.css - 304 Not Modified (2ms)


Started GET "/assets/home.css?body=1" for 127.0.0.1 at 2012-11-10 22:33:32 -0800
Served asset /home.css - 304 Not Modified (1ms)


Started GET "/assets/owner_approval.css?body=1" for 127.0.0.1 at 2012-11-10 22:33:32 -0800
Served asset /owner_approval.css - 304 Not Modified (1ms)


Started GET "/assets/owners.css?body=1" for 127.0.0.1 at 2012-11-10 22:33:32 -0800
Served asset /owners.css - 304 Not Modified (1ms)


Started GET "/assets/jquery.js?body=1" for 127.0.0.1 at 2012-11-10 22:33:32 -0800
Served asset /jquery.js - 304 Not Modified (2ms)


Started GET "/assets/jquery_ujs.js?body=1" for 127.0.0.1 at 2012-11-10 22:33:32 -0800
Served asset /jquery_ujs.js - 304 Not Modified (2ms)


Started GET "/assets/twitter/bootstrap/bootstrap-transition.js?body=1" for 127.0.0.1 at 2012-11-10 22:33:32 -0800
Served asset /twitter/bootstrap/bootstrap-transition.js - 304 Not Modified (3ms)


Started GET "/assets/twitter/bootstrap/bootstrap-alert.js?body=1" for 127.0.0.1 at 2012-11-10 22:33:32 -0800
Served asset /twitter/bootstrap/bootstrap-alert.js - 304 Not Modified (3ms)


Started GET "/assets/twitter/bootstrap/bootstrap-modal.js?body=1" for 127.0.0.1 at 2012-11-10 22:33:32 -0800
Served asset /twitter/bootstrap/bootstrap-modal.js - 304 Not Modified (3ms)


Started GET "/assets/twitter/bootstrap/bootstrap-dropdown.js?body=1" for 127.0.0.1 at 2012-11-10 22:33:32 -0800
Served asset /twitter/bootstrap/bootstrap-dropdown.js - 304 Not Modified (3ms)


Started GET "/assets/twitter/bootstrap/bootstrap-scrollspy.js?body=1" for 127.0.0.1 at 2012-11-10 22:33:32 -0800
Served asset /twitter/bootstrap/bootstrap-scrollspy.js - 304 Not Modified (3ms)


Started GET "/assets/twitter/bootstrap/bootstrap-tab.js?body=1" for 127.0.0.1 at 2012-11-10 22:33:32 -0800
Served asset /twitter/bootstrap/bootstrap-tab.js - 304 Not Modified (3ms)


Started GET "/assets/twitter/bootstrap/bootstrap-tooltip.js?body=1" for 127.0.0.1 at 2012-11-10 22:33:32 -0800
Served asset /twitter/bootstrap/bootstrap-tooltip.js - 304 Not Modified (3ms)


Started GET "/assets/twitter/bootstrap/bootstrap-popover.js?body=1" for 127.0.0.1 at 2012-11-10 22:33:32 -0800
Served asset /twitter/bootstrap/bootstrap-popover.js - 304 Not Modified (3ms)


Started GET "/assets/twitter/bootstrap/bootstrap-button.js?body=1" for 127.0.0.1 at 2012-11-10 22:33:32 -0800
Served asset /twitter/bootstrap/bootstrap-button.js - 304 Not Modified (3ms)


Started GET "/assets/twitter/bootstrap/bootstrap-collapse.js?body=1" for 127.0.0.1 at 2012-11-10 22:33:32 -0800
Served asset /twitter/bootstrap/bootstrap-collapse.js - 304 Not Modified (3ms)


Started GET "/assets/twitter/bootstrap/bootstrap-carousel.js?body=1" for 127.0.0.1 at 2012-11-10 22:33:32 -0800
Served asset /twitter/bootstrap/bootstrap-carousel.js - 304 Not Modified (3ms)


Started GET "/assets/twitter/bootstrap/bootstrap-typeahead.js?body=1" for 127.0.0.1 at 2012-11-10 22:33:32 -0800
Served asset /twitter/bootstrap/bootstrap-typeahead.js - 304 Not Modified (3ms)


Started GET "/assets/twitter/bootstrap/bootstrap-affix.js?body=1" for 127.0.0.1 at 2012-11-10 22:33:32 -0800
Served asset /twitter/bootstrap/bootstrap-affix.js - 304 Not Modified (3ms)


Started GET "/assets/twitter/bootstrap.js?body=1" for 127.0.0.1 at 2012-11-10 22:33:32 -0800
Served asset /twitter/bootstrap.js - 304 Not Modified (20ms)


Started GET "/assets/bootstrap.js?body=1" for 127.0.0.1 at 2012-11-10 22:33:32 -0800
Served asset /bootstrap.js - 304 Not Modified (1ms)


Started GET "/assets/home.js?body=1" for 127.0.0.1 at 2012-11-10 22:33:32 -0800
Served asset /home.js - 304 Not Modified (1ms)


Started GET "/assets/owner_approval.js?body=1" for 127.0.0.1 at 2012-11-10 22:33:32 -0800
Served asset /owner_approval.js - 304 Not Modified (1ms)


Started GET "/assets/owners.js?body=1" for 127.0.0.1 at 2012-11-10 22:33:32 -0800
Served asset /owners.js - 304 Not Modified (1ms)


Started GET "/assets/application.js?body=1" for 127.0.0.1 at 2012-11-10 22:33:32 -0800
Served asset /application.js - 304 Not Modified (71ms)


Started GET "/" for 127.0.0.1 at 2012-11-10 22:33:34 -0800
Processing by HomeController#index as HTML
  Rendered home/index.html.erb within layouts/application (0.0ms)
Completed 200 OK in 14ms (Views: 14.1ms | ActiveRecord: 0.0ms)


Started GET "/assets/application.css?body=1" for 127.0.0.1 at 2012-11-10 22:33:34 -0800
Served asset /application.css - 304 Not Modified (0ms)


Started GET "/assets/bootstrap_and_overrides.css?body=1" for 127.0.0.1 at 2012-11-10 22:33:34 -0800
Served asset /bootstrap_and_overrides.css - 304 Not Modified (0ms)


Started GET "/assets/home.css?body=1" for 127.0.0.1 at 2012-11-10 22:33:34 -0800
Served asset /home.css - 304 Not Modified (0ms)


Started GET "/assets/owner_approval.css?body=1" for 127.0.0.1 at 2012-11-10 22:33:34 -0800
Served asset /owner_approval.css - 304 Not Modified (0ms)


Started GET "/assets/owners.css?body=1" for 127.0.0.1 at 2012-11-10 22:33:34 -0800
Served asset /owners.css - 304 Not Modified (0ms)


Started GET "/assets/jquery.js?body=1" for 127.0.0.1 at 2012-11-10 22:33:34 -0800
Served asset /jquery.js - 304 Not Modified (0ms)


Started GET "/assets/jquery_ujs.js?body=1" for 127.0.0.1 at 2012-11-10 22:33:34 -0800
Served asset /jquery_ujs.js - 304 Not Modified (0ms)


Started GET "/assets/twitter/bootstrap/bootstrap-transition.js?body=1" for 127.0.0.1 at 2012-11-10 22:33:34 -0800
Served asset /twitter/bootstrap/bootstrap-transition.js - 304 Not Modified (0ms)


Started GET "/assets/twitter/bootstrap/bootstrap-alert.js?body=1" for 127.0.0.1 at 2012-11-10 22:33:34 -0800
Served asset /twitter/bootstrap/bootstrap-alert.js - 304 Not Modified (0ms)


Started GET "/assets/twitter/bootstrap/bootstrap-modal.js?body=1" for 127.0.0.1 at 2012-11-10 22:33:34 -0800
Served asset /twitter/bootstrap/bootstrap-modal.js - 304 Not Modified (0ms)


Started GET "/assets/twitter/bootstrap/bootstrap-dropdown.js?body=1" for 127.0.0.1 at 2012-11-10 22:33:34 -0800
Served asset /twitter/bootstrap/bootstrap-dropdown.js - 304 Not Modified (0ms)


Started GET "/assets/twitter/bootstrap/bootstrap-scrollspy.js?body=1" for 127.0.0.1 at 2012-11-10 22:33:34 -0800
Served asset /twitter/bootstrap/bootstrap-scrollspy.js - 304 Not Modified (0ms)


Started GET "/assets/twitter/bootstrap/bootstrap-tab.js?body=1" for 127.0.0.1 at 2012-11-10 22:33:34 -0800
Served asset /twitter/bootstrap/bootstrap-tab.js - 304 Not Modified (0ms)


Started GET "/assets/twitter/bootstrap/bootstrap-tooltip.js?body=1" for 127.0.0.1 at 2012-11-10 22:33:34 -0800
Served asset /twitter/bootstrap/bootstrap-tooltip.js - 304 Not Modified (0ms)


Started GET "/assets/twitter/bootstrap/bootstrap-popover.js?body=1" for 127.0.0.1 at 2012-11-10 22:33:34 -0800
Served asset /twitter/bootstrap/bootstrap-popover.js - 304 Not Modified (0ms)


Started GET "/assets/twitter/bootstrap/bootstrap-button.js?body=1" for 127.0.0.1 at 2012-11-10 22:33:34 -0800
Served asset /twitter/bootstrap/bootstrap-button.js - 304 Not Modified (0ms)


Started GET "/assets/twitter/bootstrap/bootstrap-collapse.js?body=1" for 127.0.0.1 at 2012-11-10 22:33:34 -0800
Served asset /twitter/bootstrap/bootstrap-collapse.js - 304 Not Modified (0ms)


Started GET "/assets/twitter/bootstrap/bootstrap-carousel.js?body=1" for 127.0.0.1 at 2012-11-10 22:33:34 -0800
Served asset /twitter/bootstrap/bootstrap-carousel.js - 304 Not Modified (0ms)


Started GET "/assets/twitter/bootstrap/bootstrap-typeahead.js?body=1" for 127.0.0.1 at 2012-11-10 22:33:34 -0800
Served asset /twitter/bootstrap/bootstrap-typeahead.js - 304 Not Modified (0ms)


Started GET "/assets/twitter/bootstrap/bootstrap-affix.js?body=1" for 127.0.0.1 at 2012-11-10 22:33:34 -0800
Served asset /twitter/bootstrap/bootstrap-affix.js - 304 Not Modified (0ms)


Started GET "/assets/twitter/bootstrap.js?body=1" for 127.0.0.1 at 2012-11-10 22:33:34 -0800
Served asset /twitter/bootstrap.js - 304 Not Modified (1ms)


Started GET "/assets/bootstrap.js?body=1" for 127.0.0.1 at 2012-11-10 22:33:34 -0800
Served asset /bootstrap.js - 304 Not Modified (0ms)


Started GET "/assets/home.js?body=1" for 127.0.0.1 at 2012-11-10 22:33:34 -0800
Served asset /home.js - 304 Not Modified (0ms)


Started GET "/assets/owner_approval.js?body=1" for 127.0.0.1 at 2012-11-10 22:33:34 -0800
Served asset /owner_approval.js - 304 Not Modified (0ms)


Started GET "/assets/owners.js?body=1" for 127.0.0.1 at 2012-11-10 22:33:34 -0800
Served asset /owners.js - 304 Not Modified (0ms)


Started GET "/assets/application.js?body=1" for 127.0.0.1 at 2012-11-10 22:33:34 -0800
Served asset /application.js - 304 Not Modified (1ms)


Started GET "/" for 127.0.0.1 at 2012-11-10 22:34:21 -0800
Processing by HomeController#index as HTML
  Rendered home/index.html.erb within layouts/application (0.6ms)
Completed 200 OK in 16ms (Views: 15.7ms | ActiveRecord: 0.0ms)


Started GET "/assets/application.css?body=1" for 127.0.0.1 at 2012-11-10 22:34:21 -0800
Served asset /application.css - 304 Not Modified (0ms)


Started GET "/assets/bootstrap_and_overrides.css?body=1" for 127.0.0.1 at 2012-11-10 22:34:21 -0800
Served asset /bootstrap_and_overrides.css - 304 Not Modified (0ms)


Started GET "/assets/home.css?body=1" for 127.0.0.1 at 2012-11-10 22:34:21 -0800
Served asset /home.css - 304 Not Modified (0ms)


Started GET "/assets/owner_approval.css?body=1" for 127.0.0.1 at 2012-11-10 22:34:21 -0800
Served asset /owner_approval.css - 304 Not Modified (0ms)


Started GET "/assets/owners.css?body=1" for 127.0.0.1 at 2012-11-10 22:34:21 -0800
Served asset /owners.css - 304 Not Modified (0ms)


Started GET "/assets/jquery.js?body=1" for 127.0.0.1 at 2012-11-10 22:34:21 -0800
Served asset /jquery.js - 304 Not Modified (0ms)


Started GET "/assets/jquery_ujs.js?body=1" for 127.0.0.1 at 2012-11-10 22:34:21 -0800
Served asset /jquery_ujs.js - 304 Not Modified (0ms)


Started GET "/assets/twitter/bootstrap/bootstrap-transition.js?body=1" for 127.0.0.1 at 2012-11-10 22:34:21 -0800
Served asset /twitter/bootstrap/bootstrap-transition.js - 304 Not Modified (0ms)


Started GET "/assets/twitter/bootstrap/bootstrap-alert.js?body=1" for 127.0.0.1 at 2012-11-10 22:34:21 -0800
Served asset /twitter/bootstrap/bootstrap-alert.js - 304 Not Modified (0ms)


Started GET "/assets/twitter/bootstrap/bootstrap-modal.js?body=1" for 127.0.0.1 at 2012-11-10 22:34:21 -0800
Served asset /twitter/bootstrap/bootstrap-modal.js - 304 Not Modified (0ms)


Started GET "/assets/twitter/bootstrap/bootstrap-dropdown.js?body=1" for 127.0.0.1 at 2012-11-10 22:34:21 -0800
Served asset /twitter/bootstrap/bootstrap-dropdown.js - 304 Not Modified (0ms)


Started GET "/assets/twitter/bootstrap/bootstrap-scrollspy.js?body=1" for 127.0.0.1 at 2012-11-10 22:34:21 -0800
Served asset /twitter/bootstrap/bootstrap-scrollspy.js - 304 Not Modified (0ms)


Started GET "/assets/twitter/bootstrap/bootstrap-tab.js?body=1" for 127.0.0.1 at 2012-11-10 22:34:21 -0800
Served asset /twitter/bootstrap/bootstrap-tab.js - 304 Not Modified (0ms)


Started GET "/assets/twitter/bootstrap/bootstrap-tooltip.js?body=1" for 127.0.0.1 at 2012-11-10 22:34:21 -0800
Served asset /twitter/bootstrap/bootstrap-tooltip.js - 304 Not Modified (0ms)


Started GET "/assets/twitter/bootstrap/bootstrap-popover.js?body=1" for 127.0.0.1 at 2012-11-10 22:34:21 -0800
Served asset /twitter/bootstrap/bootstrap-popover.js - 304 Not Modified (0ms)


Started GET "/assets/twitter/bootstrap/bootstrap-button.js?body=1" for 127.0.0.1 at 2012-11-10 22:34:21 -0800
Served asset /twitter/bootstrap/bootstrap-button.js - 304 Not Modified (0ms)


Started GET "/assets/twitter/bootstrap/bootstrap-collapse.js?body=1" for 127.0.0.1 at 2012-11-10 22:34:21 -0800
Served asset /twitter/bootstrap/bootstrap-collapse.js - 304 Not Modified (0ms)


Started GET "/assets/twitter/bootstrap/bootstrap-carousel.js?body=1" for 127.0.0.1 at 2012-11-10 22:34:21 -0800
Served asset /twitter/bootstrap/bootstrap-carousel.js - 304 Not Modified (0ms)


Started GET "/assets/twitter/bootstrap/bootstrap-typeahead.js?body=1" for 127.0.0.1 at 2012-11-10 22:34:21 -0800
Served asset /twitter/bootstrap/bootstrap-typeahead.js - 304 Not Modified (0ms)


Started GET "/assets/twitter/bootstrap/bootstrap-affix.js?body=1" for 127.0.0.1 at 2012-11-10 22:34:21 -0800
Served asset /twitter/bootstrap/bootstrap-affix.js - 304 Not Modified (0ms)


Started GET "/assets/twitter/bootstrap.js?body=1" for 127.0.0.1 at 2012-11-10 22:34:21 -0800
Served asset /twitter/bootstrap.js - 304 Not Modified (1ms)


Started GET "/assets/bootstrap.js?body=1" for 127.0.0.1 at 2012-11-10 22:34:21 -0800
Served asset /bootstrap.js - 304 Not Modified (0ms)


Started GET "/assets/home.js?body=1" for 127.0.0.1 at 2012-11-10 22:34:21 -0800
Served asset /home.js - 304 Not Modified (0ms)


Started GET "/assets/owner_approval.js?body=1" for 127.0.0.1 at 2012-11-10 22:34:21 -0800
Served asset /owner_approval.js - 304 Not Modified (0ms)


Started GET "/assets/owners.js?body=1" for 127.0.0.1 at 2012-11-10 22:34:21 -0800
Served asset /owners.js - 304 Not Modified (0ms)


Started GET "/assets/application.js?body=1" for 127.0.0.1 at 2012-11-10 22:34:21 -0800
Served asset /application.js - 304 Not Modified (1ms)


Started GET "/assets/img/examples/slide-01.jpg" for 127.0.0.1 at 2012-11-10 22:34:21 -0800
Served asset /img/examples/slide-01.jpg - 404 Not Found (5ms)

ActionController::RoutingError (No route matches [GET] "/assets/img/examples/slide-01.jpg"):
  actionpack (3.2.2) lib/action_dispatch/middleware/debug_exceptions.rb:21:in `call'
  actionpack (3.2.2) lib/action_dispatch/middleware/show_exceptions.rb:56:in `call'
  railties (3.2.2) lib/rails/rack/logger.rb:26:in `call_app'
  railties (3.2.2) lib/rails/rack/logger.rb:16:in `call'
  actionpack (3.2.2) lib/action_dispatch/middleware/request_id.rb:22:in `call'
  rack (1.4.1) lib/rack/methodoverride.rb:21:in `call'
  rack (1.4.1) lib/rack/runtime.rb:17:in `call'
  activesupport (3.2.2) lib/active_support/cache/strategy/local_cache.rb:72:in `call'
  rack (1.4.1) lib/rack/lock.rb:15:in `call'
  actionpack (3.2.2) lib/action_dispatch/middleware/static.rb:61:in `call'
  railties (3.2.2) lib/rails/engine.rb:479:in `call'
  railties (3.2.2) lib/rails/application.rb:220:in `call'
  railties (3.2.2) lib/rails/railtie/configurable.rb:30:in `method_missing'
  unicorn (4.4.0) lib/unicorn/http_server.rb:535:in `process_client'
  unicorn (4.4.0) lib/unicorn/http_server.rb:610:in `worker_loop'
  unicorn (4.4.0) lib/unicorn/http_server.rb:491:in `spawn_missing_workers'
  unicorn (4.4.0) lib/unicorn/http_server.rb:141:in `start'
  unicorn (4.4.0) bin/unicorn_rails:209:in `<top (required)>'
  /Users/cnixon/.rvm/gems/ruby-1.9.3-p286@thanxup/bin/unicorn_rails:23:in `load'
  /Users/cnixon/.rvm/gems/ruby-1.9.3-p286@thanxup/bin/unicorn_rails:23:in `<main>'


  Rendered /Users/cnixon/.rvm/gems/ruby-1.9.3-p286@thanxup/gems/actionpack-3.2.2/lib/action_dispatch/middleware/templates/rescues/routing_error.erb within rescues/layout (0.7ms)


Started GET "/assets/img/examples/slide-02.jpg" for 127.0.0.1 at 2012-11-10 22:34:21 -0800
Served asset /img/examples/slide-02.jpg - 404 Not Found (5ms)

ActionController::RoutingError (No route matches [GET] "/assets/img/examples/slide-02.jpg"):
  actionpack (3.2.2) lib/action_dispatch/middleware/debug_exceptions.rb:21:in `call'
  actionpack (3.2.2) lib/action_dispatch/middleware/show_exceptions.rb:56:in `call'
  railties (3.2.2) lib/rails/rack/logger.rb:26:in `call_app'
  railties (3.2.2) lib/rails/rack/logger.rb:16:in `call'
  actionpack (3.2.2) lib/action_dispatch/middleware/request_id.rb:22:in `call'
  rack (1.4.1) lib/rack/methodoverride.rb:21:in `call'
  rack (1.4.1) lib/rack/runtime.rb:17:in `call'
  activesupport (3.2.2) lib/active_support/cache/strategy/local_cache.rb:72:in `call'
  rack (1.4.1) lib/rack/lock.rb:15:in `call'
  actionpack (3.2.2) lib/action_dispatch/middleware/static.rb:61:in `call'
  railties (3.2.2) lib/rails/engine.rb:479:in `call'
  railties (3.2.2) lib/rails/application.rb:220:in `call'
  railties (3.2.2) lib/rails/railtie/configurable.rb:30:in `method_missing'
  unicorn (4.4.0) lib/unicorn/http_server.rb:535:in `process_client'
  unicorn (4.4.0) lib/unicorn/http_server.rb:610:in `worker_loop'
  unicorn (4.4.0) lib/unicorn/http_server.rb:491:in `spawn_missing_workers'
  unicorn (4.4.0) lib/unicorn/http_server.rb:141:in `start'
  unicorn (4.4.0) bin/unicorn_rails:209:in `<top (required)>'
  /Users/cnixon/.rvm/gems/ruby-1.9.3-p286@thanxup/bin/unicorn_rails:23:in `load'
  /Users/cnixon/.rvm/gems/ruby-1.9.3-p286@thanxup/bin/unicorn_rails:23:in `<main>'


  Rendered /Users/cnixon/.rvm/gems/ruby-1.9.3-p286@thanxup/gems/actionpack-3.2.2/lib/action_dispatch/middleware/templates/rescues/routing_error.erb within rescues/layout (1.1ms)


Started GET "/assets/img/examples/slide-03.jpg" for 127.0.0.1 at 2012-11-10 22:34:22 -0800
Served asset /img/examples/slide-03.jpg - 404 Not Found (5ms)

ActionController::RoutingError (No route matches [GET] "/assets/img/examples/slide-03.jpg"):
  actionpack (3.2.2) lib/action_dispatch/middleware/debug_exceptions.rb:21:in `call'
  actionpack (3.2.2) lib/action_dispatch/middleware/show_exceptions.rb:56:in `call'
  railties (3.2.2) lib/rails/rack/logger.rb:26:in `call_app'
  railties (3.2.2) lib/rails/rack/logger.rb:16:in `call'
  actionpack (3.2.2) lib/action_dispatch/middleware/request_id.rb:22:in `call'
  rack (1.4.1) lib/rack/methodoverride.rb:21:in `call'
  rack (1.4.1) lib/rack/runtime.rb:17:in `call'
  activesupport (3.2.2) lib/active_support/cache/strategy/local_cache.rb:72:in `call'
  rack (1.4.1) lib/rack/lock.rb:15:in `call'
  actionpack (3.2.2) lib/action_dispatch/middleware/static.rb:61:in `call'
  railties (3.2.2) lib/rails/engine.rb:479:in `call'
  railties (3.2.2) lib/rails/application.rb:220:in `call'
  railties (3.2.2) lib/rails/railtie/configurable.rb:30:in `method_missing'
  unicorn (4.4.0) lib/unicorn/http_server.rb:535:in `process_client'
  unicorn (4.4.0) lib/unicorn/http_server.rb:610:in `worker_loop'
  unicorn (4.4.0) lib/unicorn/http_server.rb:491:in `spawn_missing_workers'
  unicorn (4.4.0) lib/unicorn/http_server.rb:141:in `start'
  unicorn (4.4.0) bin/unicorn_rails:209:in `<top (required)>'
  /Users/cnixon/.rvm/gems/ruby-1.9.3-p286@thanxup/bin/unicorn_rails:23:in `load'
  /Users/cnixon/.rvm/gems/ruby-1.9.3-p286@thanxup/bin/unicorn_rails:23:in `<main>'


  Rendered /Users/cnixon/.rvm/gems/ruby-1.9.3-p286@thanxup/gems/actionpack-3.2.2/lib/action_dispatch/middleware/templates/rescues/routing_error.erb within rescues/layout (0.8ms)


Started GET "/assets/img/examples/browser-icon-chrome.png" for 127.0.0.1 at 2012-11-10 22:34:22 -0800
Served asset /img/examples/browser-icon-chrome.png - 404 Not Found (5ms)

ActionController::RoutingError (No route matches [GET] "/assets/img/examples/browser-icon-chrome.png"):
  actionpack (3.2.2) lib/action_dispatch/middleware/debug_exceptions.rb:21:in `call'
  actionpack (3.2.2) lib/action_dispatch/middleware/show_exceptions.rb:56:in `call'
  railties (3.2.2) lib/rails/rack/logger.rb:26:in `call_app'
  railties (3.2.2) lib/rails/rack/logger.rb:16:in `call'
  actionpack (3.2.2) lib/action_dispatch/middleware/request_id.rb:22:in `call'
  rack (1.4.1) lib/rack/methodoverride.rb:21:in `call'
  rack (1.4.1) lib/rack/runtime.rb:17:in `call'
  activesupport (3.2.2) lib/active_support/cache/strategy/local_cache.rb:72:in `call'
  rack (1.4.1) lib/rack/lock.rb:15:in `call'
  actionpack (3.2.2) lib/action_dispatch/middleware/static.rb:61:in `call'
  railties (3.2.2) lib/rails/engine.rb:479:in `call'
  railties (3.2.2) lib/rails/application.rb:220:in `call'
  railties (3.2.2) lib/rails/railtie/configurable.rb:30:in `method_missing'
  unicorn (4.4.0) lib/unicorn/http_server.rb:535:in `process_client'
  unicorn (4.4.0) lib/unicorn/http_server.rb:610:in `worker_loop'
  unicorn (4.4.0) lib/unicorn/http_server.rb:491:in `spawn_missing_workers'
  unicorn (4.4.0) lib/unicorn/http_server.rb:141:in `start'
  unicorn (4.4.0) bin/unicorn_rails:209:in `<top (required)>'
  /Users/cnixon/.rvm/gems/ruby-1.9.3-p286@thanxup/bin/unicorn_rails:23:in `load'
  /Users/cnixon/.rvm/gems/ruby-1.9.3-p286@thanxup/bin/unicorn_rails:23:in `<main>'


  Rendered /Users/cnixon/.rvm/gems/ruby-1.9.3-p286@thanxup/gems/actionpack-3.2.2/lib/action_dispatch/middleware/templates/rescues/routing_error.erb within rescues/layout (0.7ms)


Started GET "/assets/img/examples/browser-icon-firefox.png" for 127.0.0.1 at 2012-11-10 22:34:22 -0800
Served asset /img/examples/browser-icon-firefox.png - 404 Not Found (5ms)

ActionController::RoutingError (No route matches [GET] "/assets/img/examples/browser-icon-firefox.png"):
  actionpack (3.2.2) lib/action_dispatch/middleware/debug_exceptions.rb:21:in `call'
  actionpack (3.2.2) lib/action_dispatch/middleware/show_exceptions.rb:56:in `call'
  railties (3.2.2) lib/rails/rack/logger.rb:26:in `call_app'
  railties (3.2.2) lib/rails/rack/logger.rb:16:in `call'
  actionpack (3.2.2) lib/action_dispatch/middleware/request_id.rb:22:in `call'
  rack (1.4.1) lib/rack/methodoverride.rb:21:in `call'
  rack (1.4.1) lib/rack/runtime.rb:17:in `call'
  activesupport (3.2.2) lib/active_support/cache/strategy/local_cache.rb:72:in `call'
  rack (1.4.1) lib/rack/lock.rb:15:in `call'
  actionpack (3.2.2) lib/action_dispatch/middleware/static.rb:61:in `call'
  railties (3.2.2) lib/rails/engine.rb:479:in `call'
  railties (3.2.2) lib/rails/application.rb:220:in `call'
  railties (3.2.2) lib/rails/railtie/configurable.rb:30:in `method_missing'
  unicorn (4.4.0) lib/unicorn/http_server.rb:535:in `process_client'
  unicorn (4.4.0) lib/unicorn/http_server.rb:610:in `worker_loop'
  unicorn (4.4.0) lib/unicorn/http_server.rb:491:in `spawn_missing_workers'
  unicorn (4.4.0) lib/unicorn/http_server.rb:141:in `start'
  unicorn (4.4.0) bin/unicorn_rails:209:in `<top (required)>'
  /Users/cnixon/.rvm/gems/ruby-1.9.3-p286@thanxup/bin/unicorn_rails:23:in `load'
  /Users/cnixon/.rvm/gems/ruby-1.9.3-p286@thanxup/bin/unicorn_rails:23:in `<main>'


  Rendered /Users/cnixon/.rvm/gems/ruby-1.9.3-p286@thanxup/gems/actionpack-3.2.2/lib/action_dispatch/middleware/templates/rescues/routing_error.erb within rescues/layout (0.7ms)


Started GET "/assets/img/examples/browser-icon-safari.png" for 127.0.0.1 at 2012-11-10 22:34:22 -0800
Served asset /img/examples/browser-icon-safari.png - 404 Not Found (5ms)

ActionController::RoutingError (No route matches [GET] "/assets/img/examples/browser-icon-safari.png"):
  actionpack (3.2.2) lib/action_dispatch/middleware/debug_exceptions.rb:21:in `call'
  actionpack (3.2.2) lib/action_dispatch/middleware/show_exceptions.rb:56:in `call'
  railties (3.2.2) lib/rails/rack/logger.rb:26:in `call_app'
  railties (3.2.2) lib/rails/rack/logger.rb:16:in `call'
  actionpack (3.2.2) lib/action_dispatch/middleware/request_id.rb:22:in `call'
  rack (1.4.1) lib/rack/methodoverride.rb:21:in `call'
  rack (1.4.1) lib/rack/runtime.rb:17:in `call'
  activesupport (3.2.2) lib/active_support/cache/strategy/local_cache.rb:72:in `call'
  rack (1.4.1) lib/rack/lock.rb:15:in `call'
  actionpack (3.2.2) lib/action_dispatch/middleware/static.rb:61:in `call'
  railties (3.2.2) lib/rails/engine.rb:479:in `call'
  railties (3.2.2) lib/rails/application.rb:220:in `call'
  railties (3.2.2) lib/rails/railtie/configurable.rb:30:in `method_missing'
  unicorn (4.4.0) lib/unicorn/http_server.rb:535:in `process_client'
  unicorn (4.4.0) lib/unicorn/http_server.rb:610:in `worker_loop'
  unicorn (4.4.0) lib/unicorn/http_server.rb:491:in `spawn_missing_workers'
  unicorn (4.4.0) lib/unicorn/http_server.rb:141:in `start'
  unicorn (4.4.0) bin/unicorn_rails:209:in `<top (required)>'
  /Users/cnixon/.rvm/gems/ruby-1.9.3-p286@thanxup/bin/unicorn_rails:23:in `load'
  /Users/cnixon/.rvm/gems/ruby-1.9.3-p286@thanxup/bin/unicorn_rails:23:in `<main>'


  Rendered /Users/cnixon/.rvm/gems/ruby-1.9.3-p286@thanxup/gems/actionpack-3.2.2/lib/action_dispatch/middleware/templates/rescues/routing_error.erb within rescues/layout (0.7ms)


Started GET "/" for 127.0.0.1 at 2012-11-10 22:36:22 -0800
Processing by HomeController#index as HTML
  Rendered home/index.html.erb within layouts/application (0.0ms)
Compiled home.js  (43ms)  (pid 19770)
Compiled application.js  (7ms)  (pid 19770)
Completed 200 OK in 147ms (Views: 146.8ms | ActiveRecord: 0.0ms)


Started GET "/assets/application.css?body=1" for 127.0.0.1 at 2012-11-10 22:36:22 -0800
Served asset /application.css - 304 Not Modified (1ms)


Started GET "/assets/bootstrap_and_overrides.css?body=1" for 127.0.0.1 at 2012-11-10 22:36:22 -0800
Served asset /bootstrap_and_overrides.css - 304 Not Modified (0ms)


Started GET "/assets/home.css?body=1" for 127.0.0.1 at 2012-11-10 22:36:22 -0800
Served asset /home.css - 304 Not Modified (0ms)


Started GET "/assets/owner_approval.css?body=1" for 127.0.0.1 at 2012-11-10 22:36:22 -0800
Served asset /owner_approval.css - 304 Not Modified (0ms)


Started GET "/assets/owners.css?body=1" for 127.0.0.1 at 2012-11-10 22:36:22 -0800
Served asset /owners.css - 304 Not Modified (0ms)


Started GET "/assets/jquery.js?body=1" for 127.0.0.1 at 2012-11-10 22:36:22 -0800
Served asset /jquery.js - 304 Not Modified (0ms)


Started GET "/assets/jquery_ujs.js?body=1" for 127.0.0.1 at 2012-11-10 22:36:22 -0800
Served asset /jquery_ujs.js - 304 Not Modified (0ms)


Started GET "/assets/twitter/bootstrap/bootstrap-transition.js?body=1" for 127.0.0.1 at 2012-11-10 22:36:22 -0800
Served asset /twitter/bootstrap/bootstrap-transition.js - 304 Not Modified (0ms)


Started GET "/assets/twitter/bootstrap/bootstrap-alert.js?body=1" for 127.0.0.1 at 2012-11-10 22:36:22 -0800
Served asset /twitter/bootstrap/bootstrap-alert.js - 304 Not Modified (0ms)


Started GET "/assets/twitter/bootstrap/bootstrap-modal.js?body=1" for 127.0.0.1 at 2012-11-10 22:36:22 -0800
Served asset /twitter/bootstrap/bootstrap-modal.js - 304 Not Modified (0ms)


Started GET "/assets/twitter/bootstrap/bootstrap-dropdown.js?body=1" for 127.0.0.1 at 2012-11-10 22:36:22 -0800
Served asset /twitter/bootstrap/bootstrap-dropdown.js - 304 Not Modified (0ms)


Started GET "/assets/twitter/bootstrap/bootstrap-scrollspy.js?body=1" for 127.0.0.1 at 2012-11-10 22:36:22 -0800
Served asset /twitter/bootstrap/bootstrap-scrollspy.js - 304 Not Modified (0ms)


Started GET "/assets/twitter/bootstrap/bootstrap-tab.js?body=1" for 127.0.0.1 at 2012-11-10 22:36:22 -0800
Served asset /twitter/bootstrap/bootstrap-tab.js - 304 Not Modified (0ms)


Started GET "/assets/twitter/bootstrap/bootstrap-tooltip.js?body=1" for 127.0.0.1 at 2012-11-10 22:36:22 -0800
Served asset /twitter/bootstrap/bootstrap-tooltip.js - 304 Not Modified (0ms)


Started GET "/assets/twitter/bootstrap/bootstrap-popover.js?body=1" for 127.0.0.1 at 2012-11-10 22:36:22 -0800
Served asset /twitter/bootstrap/bootstrap-popover.js - 304 Not Modified (0ms)


Started GET "/assets/twitter/bootstrap/bootstrap-button.js?body=1" for 127.0.0.1 at 2012-11-10 22:36:22 -0800
Served asset /twitter/bootstrap/bootstrap-button.js - 304 Not Modified (0ms)


Started GET "/assets/twitter/bootstrap/bootstrap-collapse.js?body=1" for 127.0.0.1 at 2012-11-10 22:36:22 -0800
Served asset /twitter/bootstrap/bootstrap-collapse.js - 304 Not Modified (0ms)


Started GET "/assets/twitter/bootstrap/bootstrap-carousel.js?body=1" for 127.0.0.1 at 2012-11-10 22:36:22 -0800
Served asset /twitter/bootstrap/bootstrap-carousel.js - 304 Not Modified (0ms)


Started GET "/assets/twitter/bootstrap/bootstrap-typeahead.js?body=1" for 127.0.0.1 at 2012-11-10 22:36:22 -0800
Served asset /twitter/bootstrap/bootstrap-typeahead.js - 304 Not Modified (0ms)


Started GET "/assets/twitter/bootstrap/bootstrap-affix.js?body=1" for 127.0.0.1 at 2012-11-10 22:36:22 -0800
Served asset /twitter/bootstrap/bootstrap-affix.js - 304 Not Modified (0ms)


Started GET "/assets/twitter/bootstrap.js?body=1" for 127.0.0.1 at 2012-11-10 22:36:22 -0800
Served asset /twitter/bootstrap.js - 304 Not Modified (1ms)


Started GET "/assets/bootstrap.js?body=1" for 127.0.0.1 at 2012-11-10 22:36:22 -0800
Served asset /bootstrap.js - 304 Not Modified (0ms)


Started GET "/assets/home.js?body=1" for 127.0.0.1 at 2012-11-10 22:36:22 -0800
Served asset /home.js - 200 OK (2ms)


Started GET "/assets/owner_approval.js?body=1" for 127.0.0.1 at 2012-11-10 22:36:22 -0800
Served asset /owner_approval.js - 304 Not Modified (0ms)


Started GET "/assets/owners.js?body=1" for 127.0.0.1 at 2012-11-10 22:36:22 -0800
Served asset /owners.js - 304 Not Modified (0ms)


Started GET "/assets/application.js?body=1" for 127.0.0.1 at 2012-11-10 22:36:22 -0800
Served asset /application.js - 304 Not Modified (31ms)


Started GET "/assets/img/examples/slide-01.jpg" for 127.0.0.1 at 2012-11-10 22:36:22 -0800
Served asset /img/examples/slide-01.jpg - 404 Not Found (4ms)

ActionController::RoutingError (No route matches [GET] "/assets/img/examples/slide-01.jpg"):
  actionpack (3.2.2) lib/action_dispatch/middleware/debug_exceptions.rb:21:in `call'
  actionpack (3.2.2) lib/action_dispatch/middleware/show_exceptions.rb:56:in `call'
  railties (3.2.2) lib/rails/rack/logger.rb:26:in `call_app'
  railties (3.2.2) lib/rails/rack/logger.rb:16:in `call'
  actionpack (3.2.2) lib/action_dispatch/middleware/request_id.rb:22:in `call'
  rack (1.4.1) lib/rack/methodoverride.rb:21:in `call'
  rack (1.4.1) lib/rack/runtime.rb:17:in `call'
  activesupport (3.2.2) lib/active_support/cache/strategy/local_cache.rb:72:in `call'
  rack (1.4.1) lib/rack/lock.rb:15:in `call'
  actionpack (3.2.2) lib/action_dispatch/middleware/static.rb:61:in `call'
  railties (3.2.2) lib/rails/engine.rb:479:in `call'
  railties (3.2.2) lib/rails/application.rb:220:in `call'
  railties (3.2.2) lib/rails/railtie/configurable.rb:30:in `method_missing'
  unicorn (4.4.0) lib/unicorn/http_server.rb:535:in `process_client'
  unicorn (4.4.0) lib/unicorn/http_server.rb:610:in `worker_loop'
  unicorn (4.4.0) lib/unicorn/http_server.rb:491:in `spawn_missing_workers'
  unicorn (4.4.0) lib/unicorn/http_server.rb:141:in `start'
  unicorn (4.4.0) bin/unicorn_rails:209:in `<top (required)>'
  /Users/cnixon/.rvm/gems/ruby-1.9.3-p286@thanxup/bin/unicorn_rails:23:in `load'
  /Users/cnixon/.rvm/gems/ruby-1.9.3-p286@thanxup/bin/unicorn_rails:23:in `<main>'


  Rendered /Users/cnixon/.rvm/gems/ruby-1.9.3-p286@thanxup/gems/actionpack-3.2.2/lib/action_dispatch/middleware/templates/rescues/routing_error.erb within rescues/layout (0.7ms)


Started GET "/assets/img/examples/slide-02.jpg" for 127.0.0.1 at 2012-11-10 22:36:22 -0800
Served asset /img/examples/slide-02.jpg - 404 Not Found (4ms)

ActionController::RoutingError (No route matches [GET] "/assets/img/examples/slide-02.jpg"):
  actionpack (3.2.2) lib/action_dispatch/middleware/debug_exceptions.rb:21:in `call'
  actionpack (3.2.2) lib/action_dispatch/middleware/show_exceptions.rb:56:in `call'
  railties (3.2.2) lib/rails/rack/logger.rb:26:in `call_app'
  railties (3.2.2) lib/rails/rack/logger.rb:16:in `call'
  actionpack (3.2.2) lib/action_dispatch/middleware/request_id.rb:22:in `call'
  rack (1.4.1) lib/rack/methodoverride.rb:21:in `call'
  rack (1.4.1) lib/rack/runtime.rb:17:in `call'
  activesupport (3.2.2) lib/active_support/cache/strategy/local_cache.rb:72:in `call'
  rack (1.4.1) lib/rack/lock.rb:15:in `call'
  actionpack (3.2.2) lib/action_dispatch/middleware/static.rb:61:in `call'
  railties (3.2.2) lib/rails/engine.rb:479:in `call'
  railties (3.2.2) lib/rails/application.rb:220:in `call'
  railties (3.2.2) lib/rails/railtie/configurable.rb:30:in `method_missing'
  unicorn (4.4.0) lib/unicorn/http_server.rb:535:in `process_client'
  unicorn (4.4.0) lib/unicorn/http_server.rb:610:in `worker_loop'
  unicorn (4.4.0) lib/unicorn/http_server.rb:491:in `spawn_missing_workers'
  unicorn (4.4.0) lib/unicorn/http_server.rb:141:in `start'
  unicorn (4.4.0) bin/unicorn_rails:209:in `<top (required)>'
  /Users/cnixon/.rvm/gems/ruby-1.9.3-p286@thanxup/bin/unicorn_rails:23:in `load'
  /Users/cnixon/.rvm/gems/ruby-1.9.3-p286@thanxup/bin/unicorn_rails:23:in `<main>'


  Rendered /Users/cnixon/.rvm/gems/ruby-1.9.3-p286@thanxup/gems/actionpack-3.2.2/lib/action_dispatch/middleware/templates/rescues/routing_error.erb within rescues/layout (0.8ms)


Started GET "/assets/img/examples/slide-03.jpg" for 127.0.0.1 at 2012-11-10 22:36:22 -0800
Served asset /img/examples/slide-03.jpg - 404 Not Found (4ms)

ActionController::RoutingError (No route matches [GET] "/assets/img/examples/slide-03.jpg"):
  actionpack (3.2.2) lib/action_dispatch/middleware/debug_exceptions.rb:21:in `call'
  actionpack (3.2.2) lib/action_dispatch/middleware/show_exceptions.rb:56:in `call'
  railties (3.2.2) lib/rails/rack/logger.rb:26:in `call_app'
  railties (3.2.2) lib/rails/rack/logger.rb:16:in `call'
  actionpack (3.2.2) lib/action_dispatch/middleware/request_id.rb:22:in `call'
  rack (1.4.1) lib/rack/methodoverride.rb:21:in `call'
  rack (1.4.1) lib/rack/runtime.rb:17:in `call'
  activesupport (3.2.2) lib/active_support/cache/strategy/local_cache.rb:72:in `call'
  rack (1.4.1) lib/rack/lock.rb:15:in `call'
  actionpack (3.2.2) lib/action_dispatch/middleware/static.rb:61:in `call'
  railties (3.2.2) lib/rails/engine.rb:479:in `call'
  railties (3.2.2) lib/rails/application.rb:220:in `call'
  railties (3.2.2) lib/rails/railtie/configurable.rb:30:in `method_missing'
  unicorn (4.4.0) lib/unicorn/http_server.rb:535:in `process_client'
  unicorn (4.4.0) lib/unicorn/http_server.rb:610:in `worker_loop'
  unicorn (4.4.0) lib/unicorn/http_server.rb:491:in `spawn_missing_workers'
  unicorn (4.4.0) lib/unicorn/http_server.rb:141:in `start'
  unicorn (4.4.0) bin/unicorn_rails:209:in `<top (required)>'
  /Users/cnixon/.rvm/gems/ruby-1.9.3-p286@thanxup/bin/unicorn_rails:23:in `load'
  /Users/cnixon/.rvm/gems/ruby-1.9.3-p286@thanxup/bin/unicorn_rails:23:in `<main>'


  Rendered /Users/cnixon/.rvm/gems/ruby-1.9.3-p286@thanxup/gems/actionpack-3.2.2/lib/action_dispatch/middleware/templates/rescues/routing_error.erb within rescues/layout (0.7ms)


Started GET "/assets/img/examples/browser-icon-chrome.png" for 127.0.0.1 at 2012-11-10 22:36:22 -0800
Served asset /img/examples/browser-icon-chrome.png - 404 Not Found (4ms)

ActionController::RoutingError (No route matches [GET] "/assets/img/examples/browser-icon-chrome.png"):
  actionpack (3.2.2) lib/action_dispatch/middleware/debug_exceptions.rb:21:in `call'
  actionpack (3.2.2) lib/action_dispatch/middleware/show_exceptions.rb:56:in `call'
  railties (3.2.2) lib/rails/rack/logger.rb:26:in `call_app'
  railties (3.2.2) lib/rails/rack/logger.rb:16:in `call'
  actionpack (3.2.2) lib/action_dispatch/middleware/request_id.rb:22:in `call'
  rack (1.4.1) lib/rack/methodoverride.rb:21:in `call'
  rack (1.4.1) lib/rack/runtime.rb:17:in `call'
  activesupport (3.2.2) lib/active_support/cache/strategy/local_cache.rb:72:in `call'
  rack (1.4.1) lib/rack/lock.rb:15:in `call'
  actionpack (3.2.2) lib/action_dispatch/middleware/static.rb:61:in `call'
  railties (3.2.2) lib/rails/engine.rb:479:in `call'
  railties (3.2.2) lib/rails/application.rb:220:in `call'
  railties (3.2.2) lib/rails/railtie/configurable.rb:30:in `method_missing'
  unicorn (4.4.0) lib/unicorn/http_server.rb:535:in `process_client'
  unicorn (4.4.0) lib/unicorn/http_server.rb:610:in `worker_loop'
  unicorn (4.4.0) lib/unicorn/http_server.rb:491:in `spawn_missing_workers'
  unicorn (4.4.0) lib/unicorn/http_server.rb:141:in `start'
  unicorn (4.4.0) bin/unicorn_rails:209:in `<top (required)>'
  /Users/cnixon/.rvm/gems/ruby-1.9.3-p286@thanxup/bin/unicorn_rails:23:in `load'
  /Users/cnixon/.rvm/gems/ruby-1.9.3-p286@thanxup/bin/unicorn_rails:23:in `<main>'


  Rendered /Users/cnixon/.rvm/gems/ruby-1.9.3-p286@thanxup/gems/actionpack-3.2.2/lib/action_dispatch/middleware/templates/rescues/routing_error.erb within rescues/layout (0.7ms)


Started GET "/assets/img/examples/browser-icon-firefox.png" for 127.0.0.1 at 2012-11-10 22:36:22 -0800
Served asset /img/examples/browser-icon-firefox.png - 404 Not Found (5ms)

ActionController::RoutingError (No route matches [GET] "/assets/img/examples/browser-icon-firefox.png"):
  actionpack (3.2.2) lib/action_dispatch/middleware/debug_exceptions.rb:21:in `call'
  actionpack (3.2.2) lib/action_dispatch/middleware/show_exceptions.rb:56:in `call'
  railties (3.2.2) lib/rails/rack/logger.rb:26:in `call_app'
  railties (3.2.2) lib/rails/rack/logger.rb:16:in `call'
  actionpack (3.2.2) lib/action_dispatch/middleware/request_id.rb:22:in `call'
  rack (1.4.1) lib/rack/methodoverride.rb:21:in `call'
  rack (1.4.1) lib/rack/runtime.rb:17:in `call'
  activesupport (3.2.2) lib/active_support/cache/strategy/local_cache.rb:72:in `call'
  rack (1.4.1) lib/rack/lock.rb:15:in `call'
  actionpack (3.2.2) lib/action_dispatch/middleware/static.rb:61:in `call'
  railties (3.2.2) lib/rails/engine.rb:479:in `call'
  railties (3.2.2) lib/rails/application.rb:220:in `call'
  railties (3.2.2) lib/rails/railtie/configurable.rb:30:in `method_missing'
  unicorn (4.4.0) lib/unicorn/http_server.rb:535:in `process_client'
  unicorn (4.4.0) lib/unicorn/http_server.rb:610:in `worker_loop'
  unicorn (4.4.0) lib/unicorn/http_server.rb:491:in `spawn_missing_workers'
  unicorn (4.4.0) lib/unicorn/http_server.rb:141:in `start'
  unicorn (4.4.0) bin/unicorn_rails:209:in `<top (required)>'
  /Users/cnixon/.rvm/gems/ruby-1.9.3-p286@thanxup/bin/unicorn_rails:23:in `load'
  /Users/cnixon/.rvm/gems/ruby-1.9.3-p286@thanxup/bin/unicorn_rails:23:in `<main>'


  Rendered /Users/cnixon/.rvm/gems/ruby-1.9.3-p286@thanxup/gems/actionpack-3.2.2/lib/action_dispatch/middleware/templates/rescues/routing_error.erb within rescues/layout (0.7ms)


Started GET "/assets/img/examples/browser-icon-safari.png" for 127.0.0.1 at 2012-11-10 22:36:22 -0800
Served asset /img/examples/browser-icon-safari.png - 404 Not Found (5ms)

ActionController::RoutingError (No route matches [GET] "/assets/img/examples/browser-icon-safari.png"):
  actionpack (3.2.2) lib/action_dispatch/middleware/debug_exceptions.rb:21:in `call'
  actionpack (3.2.2) lib/action_dispatch/middleware/show_exceptions.rb:56:in `call'
  railties (3.2.2) lib/rails/rack/logger.rb:26:in `call_app'
  railties (3.2.2) lib/rails/rack/logger.rb:16:in `call'
  actionpack (3.2.2) lib/action_dispatch/middleware/request_id.rb:22:in `call'
  rack (1.4.1) lib/rack/methodoverride.rb:21:in `call'
  rack (1.4.1) lib/rack/runtime.rb:17:in `call'
  activesupport (3.2.2) lib/active_support/cache/strategy/local_cache.rb:72:in `call'
  rack (1.4.1) lib/rack/lock.rb:15:in `call'
  actionpack (3.2.2) lib/action_dispatch/middleware/static.rb:61:in `call'
  railties (3.2.2) lib/rails/engine.rb:479:in `call'
  railties (3.2.2) lib/rails/application.rb:220:in `call'
  railties (3.2.2) lib/rails/railtie/configurable.rb:30:in `method_missing'
  unicorn (4.4.0) lib/unicorn/http_server.rb:535:in `process_client'
  unicorn (4.4.0) lib/unicorn/http_server.rb:610:in `worker_loop'
  unicorn (4.4.0) lib/unicorn/http_server.rb:491:in `spawn_missing_workers'
  unicorn (4.4.0) lib/unicorn/http_server.rb:141:in `start'
  unicorn (4.4.0) bin/unicorn_rails:209:in `<top (required)>'
  /Users/cnixon/.rvm/gems/ruby-1.9.3-p286@thanxup/bin/unicorn_rails:23:in `load'
  /Users/cnixon/.rvm/gems/ruby-1.9.3-p286@thanxup/bin/unicorn_rails:23:in `<main>'


  Rendered /Users/cnixon/.rvm/gems/ruby-1.9.3-p286@thanxup/gems/actionpack-3.2.2/lib/action_dispatch/middleware/templates/rescues/routing_error.erb within rescues/layout (0.7ms)


Started GET "/" for 127.0.0.1 at 2012-11-10 22:37:00 -0800
Processing by HomeController#index as HTML
  Rendered home/index.html.erb within layouts/application (0.0ms)
Completed 200 OK in 16ms (Views: 15.5ms | ActiveRecord: 0.0ms)


Started GET "/assets/application.css?body=1" for 127.0.0.1 at 2012-11-10 22:37:00 -0800
Served asset /application.css - 304 Not Modified (0ms)


Started GET "/assets/bootstrap_and_overrides.css?body=1" for 127.0.0.1 at 2012-11-10 22:37:00 -0800
Served asset /bootstrap_and_overrides.css - 304 Not Modified (0ms)


Started GET "/assets/home.css?body=1" for 127.0.0.1 at 2012-11-10 22:37:00 -0800
Served asset /home.css - 304 Not Modified (0ms)


Started GET "/assets/owner_approval.css?body=1" for 127.0.0.1 at 2012-11-10 22:37:00 -0800
Served asset /owner_approval.css - 304 Not Modified (0ms)


Started GET "/assets/owners.css?body=1" for 127.0.0.1 at 2012-11-10 22:37:00 -0800
Served asset /owners.css - 304 Not Modified (0ms)


Started GET "/assets/jquery.js?body=1" for 127.0.0.1 at 2012-11-10 22:37:00 -0800
Served asset /jquery.js - 304 Not Modified (0ms)


Started GET "/assets/jquery_ujs.js?body=1" for 127.0.0.1 at 2012-11-10 22:37:00 -0800
Served asset /jquery_ujs.js - 304 Not Modified (0ms)


Started GET "/assets/twitter/bootstrap/bootstrap-transition.js?body=1" for 127.0.0.1 at 2012-11-10 22:37:00 -0800
Served asset /twitter/bootstrap/bootstrap-transition.js - 304 Not Modified (0ms)


Started GET "/assets/twitter/bootstrap/bootstrap-alert.js?body=1" for 127.0.0.1 at 2012-11-10 22:37:00 -0800
Served asset /twitter/bootstrap/bootstrap-alert.js - 304 Not Modified (0ms)


Started GET "/assets/twitter/bootstrap/bootstrap-modal.js?body=1" for 127.0.0.1 at 2012-11-10 22:37:00 -0800
Served asset /twitter/bootstrap/bootstrap-modal.js - 304 Not Modified (0ms)


Started GET "/assets/twitter/bootstrap/bootstrap-dropdown.js?body=1" for 127.0.0.1 at 2012-11-10 22:37:00 -0800
Served asset /twitter/bootstrap/bootstrap-dropdown.js - 304 Not Modified (0ms)


Started GET "/assets/twitter/bootstrap/bootstrap-scrollspy.js?body=1" for 127.0.0.1 at 2012-11-10 22:37:00 -0800
Served asset /twitter/bootstrap/bootstrap-scrollspy.js - 304 Not Modified (0ms)


Started GET "/assets/twitter/bootstrap/bootstrap-tab.js?body=1" for 127.0.0.1 at 2012-11-10 22:37:00 -0800
Served asset /twitter/bootstrap/bootstrap-tab.js - 304 Not Modified (0ms)


Started GET "/assets/twitter/bootstrap/bootstrap-tooltip.js?body=1" for 127.0.0.1 at 2012-11-10 22:37:00 -0800
Served asset /twitter/bootstrap/bootstrap-tooltip.js - 304 Not Modified (0ms)


Started GET "/assets/twitter/bootstrap/bootstrap-popover.js?body=1" for 127.0.0.1 at 2012-11-10 22:37:00 -0800
Served asset /twitter/bootstrap/bootstrap-popover.js - 304 Not Modified (0ms)


Started GET "/assets/twitter/bootstrap/bootstrap-button.js?body=1" for 127.0.0.1 at 2012-11-10 22:37:00 -0800
Served asset /twitter/bootstrap/bootstrap-button.js - 304 Not Modified (0ms)


Started GET "/assets/twitter/bootstrap/bootstrap-collapse.js?body=1" for 127.0.0.1 at 2012-11-10 22:37:00 -0800
Served asset /twitter/bootstrap/bootstrap-collapse.js - 304 Not Modified (0ms)


Started GET "/assets/twitter/bootstrap/bootstrap-carousel.js?body=1" for 127.0.0.1 at 2012-11-10 22:37:00 -0800
Served asset /twitter/bootstrap/bootstrap-carousel.js - 304 Not Modified (0ms)


Started GET "/assets/twitter/bootstrap/bootstrap-typeahead.js?body=1" for 127.0.0.1 at 2012-11-10 22:37:00 -0800
Served asset /twitter/bootstrap/bootstrap-typeahead.js - 304 Not Modified (0ms)


Started GET "/assets/twitter/bootstrap/bootstrap-affix.js?body=1" for 127.0.0.1 at 2012-11-10 22:37:00 -0800
Served asset /twitter/bootstrap/bootstrap-affix.js - 304 Not Modified (0ms)


Started GET "/assets/twitter/bootstrap.js?body=1" for 127.0.0.1 at 2012-11-10 22:37:00 -0800
Served asset /twitter/bootstrap.js - 304 Not Modified (1ms)


Started GET "/assets/bootstrap.js?body=1" for 127.0.0.1 at 2012-11-10 22:37:00 -0800
Served asset /bootstrap.js - 304 Not Modified (0ms)


Started GET "/assets/home.js?body=1" for 127.0.0.1 at 2012-11-10 22:37:00 -0800
Served asset /home.js - 304 Not Modified (0ms)


Started GET "/assets/owner_approval.js?body=1" for 127.0.0.1 at 2012-11-10 22:37:00 -0800
Served asset /owner_approval.js - 304 Not Modified (0ms)


Started GET "/assets/owners.js?body=1" for 127.0.0.1 at 2012-11-10 22:37:00 -0800
Served asset /owners.js - 304 Not Modified (0ms)


Started GET "/assets/application.js?body=1" for 127.0.0.1 at 2012-11-10 22:37:00 -0800
Served asset /application.js - 304 Not Modified (1ms)


Started GET "/assets/img/examples/slide-01.jpg" for 127.0.0.1 at 2012-11-10 22:37:00 -0800
Served asset /img/examples/slide-01.jpg - 404 Not Found (4ms)

ActionController::RoutingError (No route matches [GET] "/assets/img/examples/slide-01.jpg"):
  actionpack (3.2.2) lib/action_dispatch/middleware/debug_exceptions.rb:21:in `call'
  actionpack (3.2.2) lib/action_dispatch/middleware/show_exceptions.rb:56:in `call'
  railties (3.2.2) lib/rails/rack/logger.rb:26:in `call_app'
  railties (3.2.2) lib/rails/rack/logger.rb:16:in `call'
  actionpack (3.2.2) lib/action_dispatch/middleware/request_id.rb:22:in `call'
  rack (1.4.1) lib/rack/methodoverride.rb:21:in `call'
  rack (1.4.1) lib/rack/runtime.rb:17:in `call'
  activesupport (3.2.2) lib/active_support/cache/strategy/local_cache.rb:72:in `call'
  rack (1.4.1) lib/rack/lock.rb:15:in `call'
  actionpack (3.2.2) lib/action_dispatch/middleware/static.rb:61:in `call'
  railties (3.2.2) lib/rails/engine.rb:479:in `call'
  railties (3.2.2) lib/rails/application.rb:220:in `call'
  railties (3.2.2) lib/rails/railtie/configurable.rb:30:in `method_missing'
  unicorn (4.4.0) lib/unicorn/http_server.rb:535:in `process_client'
  unicorn (4.4.0) lib/unicorn/http_server.rb:610:in `worker_loop'
  unicorn (4.4.0) lib/unicorn/http_server.rb:491:in `spawn_missing_workers'
  unicorn (4.4.0) lib/unicorn/http_server.rb:141:in `start'
  unicorn (4.4.0) bin/unicorn_rails:209:in `<top (required)>'
  /Users/cnixon/.rvm/gems/ruby-1.9.3-p286@thanxup/bin/unicorn_rails:23:in `load'
  /Users/cnixon/.rvm/gems/ruby-1.9.3-p286@thanxup/bin/unicorn_rails:23:in `<main>'


  Rendered /Users/cnixon/.rvm/gems/ruby-1.9.3-p286@thanxup/gems/actionpack-3.2.2/lib/action_dispatch/middleware/templates/rescues/routing_error.erb within rescues/layout (0.8ms)


Started GET "/assets/img/examples/slide-02.jpg" for 127.0.0.1 at 2012-11-10 22:37:00 -0800
Served asset /img/examples/slide-02.jpg - 404 Not Found (4ms)

ActionController::RoutingError (No route matches [GET] "/assets/img/examples/slide-02.jpg"):
  actionpack (3.2.2) lib/action_dispatch/middleware/debug_exceptions.rb:21:in `call'
  actionpack (3.2.2) lib/action_dispatch/middleware/show_exceptions.rb:56:in `call'
  railties (3.2.2) lib/rails/rack/logger.rb:26:in `call_app'
  railties (3.2.2) lib/rails/rack/logger.rb:16:in `call'
  actionpack (3.2.2) lib/action_dispatch/middleware/request_id.rb:22:in `call'
  rack (1.4.1) lib/rack/methodoverride.rb:21:in `call'
  rack (1.4.1) lib/rack/runtime.rb:17:in `call'
  activesupport (3.2.2) lib/active_support/cache/strategy/local_cache.rb:72:in `call'
  rack (1.4.1) lib/rack/lock.rb:15:in `call'
  actionpack (3.2.2) lib/action_dispatch/middleware/static.rb:61:in `call'
  railties (3.2.2) lib/rails/engine.rb:479:in `call'
  railties (3.2.2) lib/rails/application.rb:220:in `call'
  railties (3.2.2) lib/rails/railtie/configurable.rb:30:in `method_missing'
  unicorn (4.4.0) lib/unicorn/http_server.rb:535:in `process_client'
  unicorn (4.4.0) lib/unicorn/http_server.rb:610:in `worker_loop'
  unicorn (4.4.0) lib/unicorn/http_server.rb:491:in `spawn_missing_workers'
  unicorn (4.4.0) lib/unicorn/http_server.rb:141:in `start'
  unicorn (4.4.0) bin/unicorn_rails:209:in `<top (required)>'
  /Users/cnixon/.rvm/gems/ruby-1.9.3-p286@thanxup/bin/unicorn_rails:23:in `load'
  /Users/cnixon/.rvm/gems/ruby-1.9.3-p286@thanxup/bin/unicorn_rails:23:in `<main>'


  Rendered /Users/cnixon/.rvm/gems/ruby-1.9.3-p286@thanxup/gems/actionpack-3.2.2/lib/action_dispatch/middleware/templates/rescues/routing_error.erb within rescues/layout (0.7ms)


Started GET "/assets/img/examples/slide-03.jpg" for 127.0.0.1 at 2012-11-10 22:37:00 -0800
Served asset /img/examples/slide-03.jpg - 404 Not Found (4ms)

ActionController::RoutingError (No route matches [GET] "/assets/img/examples/slide-03.jpg"):
  actionpack (3.2.2) lib/action_dispatch/middleware/debug_exceptions.rb:21:in `call'
  actionpack (3.2.2) lib/action_dispatch/middleware/show_exceptions.rb:56:in `call'
  railties (3.2.2) lib/rails/rack/logger.rb:26:in `call_app'
  railties (3.2.2) lib/rails/rack/logger.rb:16:in `call'
  actionpack (3.2.2) lib/action_dispatch/middleware/request_id.rb:22:in `call'
  rack (1.4.1) lib/rack/methodoverride.rb:21:in `call'
  rack (1.4.1) lib/rack/runtime.rb:17:in `call'
  activesupport (3.2.2) lib/active_support/cache/strategy/local_cache.rb:72:in `call'
  rack (1.4.1) lib/rack/lock.rb:15:in `call'
  actionpack (3.2.2) lib/action_dispatch/middleware/static.rb:61:in `call'
  railties (3.2.2) lib/rails/engine.rb:479:in `call'
  railties (3.2.2) lib/rails/application.rb:220:in `call'
  railties (3.2.2) lib/rails/railtie/configurable.rb:30:in `method_missing'
  unicorn (4.4.0) lib/unicorn/http_server.rb:535:in `process_client'
  unicorn (4.4.0) lib/unicorn/http_server.rb:610:in `worker_loop'
  unicorn (4.4.0) lib/unicorn/http_server.rb:491:in `spawn_missing_workers'
  unicorn (4.4.0) lib/unicorn/http_server.rb:141:in `start'
  unicorn (4.4.0) bin/unicorn_rails:209:in `<top (required)>'
  /Users/cnixon/.rvm/gems/ruby-1.9.3-p286@thanxup/bin/unicorn_rails:23:in `load'
  /Users/cnixon/.rvm/gems/ruby-1.9.3-p286@thanxup/bin/unicorn_rails:23:in `<main>'


  Rendered /Users/cnixon/.rvm/gems/ruby-1.9.3-p286@thanxup/gems/actionpack-3.2.2/lib/action_dispatch/middleware/templates/rescues/routing_error.erb within rescues/layout (0.9ms)


Started GET "/assets/img/examples/browser-icon-chrome.png" for 127.0.0.1 at 2012-11-10 22:37:00 -0800
Served asset /img/examples/browser-icon-chrome.png - 404 Not Found (5ms)

ActionController::RoutingError (No route matches [GET] "/assets/img/examples/browser-icon-chrome.png"):
  actionpack (3.2.2) lib/action_dispatch/middleware/debug_exceptions.rb:21:in `call'
  actionpack (3.2.2) lib/action_dispatch/middleware/show_exceptions.rb:56:in `call'
  railties (3.2.2) lib/rails/rack/logger.rb:26:in `call_app'
  railties (3.2.2) lib/rails/rack/logger.rb:16:in `call'
  actionpack (3.2.2) lib/action_dispatch/middleware/request_id.rb:22:in `call'
  rack (1.4.1) lib/rack/methodoverride.rb:21:in `call'
  rack (1.4.1) lib/rack/runtime.rb:17:in `call'
  activesupport (3.2.2) lib/active_support/cache/strategy/local_cache.rb:72:in `call'
  rack (1.4.1) lib/rack/lock.rb:15:in `call'
  actionpack (3.2.2) lib/action_dispatch/middleware/static.rb:61:in `call'
  railties (3.2.2) lib/rails/engine.rb:479:in `call'
  railties (3.2.2) lib/rails/application.rb:220:in `call'
  railties (3.2.2) lib/rails/railtie/configurable.rb:30:in `method_missing'
  unicorn (4.4.0) lib/unicorn/http_server.rb:535:in `process_client'
  unicorn (4.4.0) lib/unicorn/http_server.rb:610:in `worker_loop'
  unicorn (4.4.0) lib/unicorn/http_server.rb:491:in `spawn_missing_workers'
  unicorn (4.4.0) lib/unicorn/http_server.rb:141:in `start'
  unicorn (4.4.0) bin/unicorn_rails:209:in `<top (required)>'
  /Users/cnixon/.rvm/gems/ruby-1.9.3-p286@thanxup/bin/unicorn_rails:23:in `load'
  /Users/cnixon/.rvm/gems/ruby-1.9.3-p286@thanxup/bin/unicorn_rails:23:in `<main>'


  Rendered /Users/cnixon/.rvm/gems/ruby-1.9.3-p286@thanxup/gems/actionpack-3.2.2/lib/action_dispatch/middleware/templates/rescues/routing_error.erb within rescues/layout (0.7ms)


Started GET "/assets/img/examples/browser-icon-firefox.png" for 127.0.0.1 at 2012-11-10 22:37:00 -0800
Served asset /img/examples/browser-icon-firefox.png - 404 Not Found (51ms)

ActionController::RoutingError (No route matches [GET] "/assets/img/examples/browser-icon-firefox.png"):
  actionpack (3.2.2) lib/action_dispatch/middleware/debug_exceptions.rb:21:in `call'
  actionpack (3.2.2) lib/action_dispatch/middleware/show_exceptions.rb:56:in `call'
  railties (3.2.2) lib/rails/rack/logger.rb:26:in `call_app'
  railties (3.2.2) lib/rails/rack/logger.rb:16:in `call'
  actionpack (3.2.2) lib/action_dispatch/middleware/request_id.rb:22:in `call'
  rack (1.4.1) lib/rack/methodoverride.rb:21:in `call'
  rack (1.4.1) lib/rack/runtime.rb:17:in `call'
  activesupport (3.2.2) lib/active_support/cache/strategy/local_cache.rb:72:in `call'
  rack (1.4.1) lib/rack/lock.rb:15:in `call'
  actionpack (3.2.2) lib/action_dispatch/middleware/static.rb:61:in `call'
  railties (3.2.2) lib/rails/engine.rb:479:in `call'
  railties (3.2.2) lib/rails/application.rb:220:in `call'
  railties (3.2.2) lib/rails/railtie/configurable.rb:30:in `method_missing'
  unicorn (4.4.0) lib/unicorn/http_server.rb:535:in `process_client'
  unicorn (4.4.0) lib/unicorn/http_server.rb:610:in `worker_loop'
  unicorn (4.4.0) lib/unicorn/http_server.rb:491:in `spawn_missing_workers'
  unicorn (4.4.0) lib/unicorn/http_server.rb:141:in `start'
  unicorn (4.4.0) bin/unicorn_rails:209:in `<top (required)>'
  /Users/cnixon/.rvm/gems/ruby-1.9.3-p286@thanxup/bin/unicorn_rails:23:in `load'
  /Users/cnixon/.rvm/gems/ruby-1.9.3-p286@thanxup/bin/unicorn_rails:23:in `<main>'


  Rendered /Users/cnixon/.rvm/gems/ruby-1.9.3-p286@thanxup/gems/actionpack-3.2.2/lib/action_dispatch/middleware/templates/rescues/routing_error.erb within rescues/layout (0.7ms)


Started GET "/assets/img/examples/browser-icon-safari.png" for 127.0.0.1 at 2012-11-10 22:37:00 -0800
Served asset /img/examples/browser-icon-safari.png - 404 Not Found (5ms)

ActionController::RoutingError (No route matches [GET] "/assets/img/examples/browser-icon-safari.png"):
  actionpack (3.2.2) lib/action_dispatch/middleware/debug_exceptions.rb:21:in `call'
  actionpack (3.2.2) lib/action_dispatch/middleware/show_exceptions.rb:56:in `call'
  railties (3.2.2) lib/rails/rack/logger.rb:26:in `call_app'
  railties (3.2.2) lib/rails/rack/logger.rb:16:in `call'
  actionpack (3.2.2) lib/action_dispatch/middleware/request_id.rb:22:in `call'
  rack (1.4.1) lib/rack/methodoverride.rb:21:in `call'
  rack (1.4.1) lib/rack/runtime.rb:17:in `call'
  activesupport (3.2.2) lib/active_support/cache/strategy/local_cache.rb:72:in `call'
  rack (1.4.1) lib/rack/lock.rb:15:in `call'
  actionpack (3.2.2) lib/action_dispatch/middleware/static.rb:61:in `call'
  railties (3.2.2) lib/rails/engine.rb:479:in `call'
  railties (3.2.2) lib/rails/application.rb:220:in `call'
  railties (3.2.2) lib/rails/railtie/configurable.rb:30:in `method_missing'
  unicorn (4.4.0) lib/unicorn/http_server.rb:535:in `process_client'
  unicorn (4.4.0) lib/unicorn/http_server.rb:610:in `worker_loop'
  unicorn (4.4.0) lib/unicorn/http_server.rb:491:in `spawn_missing_workers'
  unicorn (4.4.0) lib/unicorn/http_server.rb:141:in `start'
  unicorn (4.4.0) bin/unicorn_rails:209:in `<top (required)>'
  /Users/cnixon/.rvm/gems/ruby-1.9.3-p286@thanxup/bin/unicorn_rails:23:in `load'
  /Users/cnixon/.rvm/gems/ruby-1.9.3-p286@thanxup/bin/unicorn_rails:23:in `<main>'


  Rendered /Users/cnixon/.rvm/gems/ruby-1.9.3-p286@thanxup/gems/actionpack-3.2.2/lib/action_dispatch/middleware/templates/rescues/routing_error.erb within rescues/layout (0.7ms)
